<?xml version="1.0" encoding="UTF-8" ?>
<testsuite tests="1" failures="0" name="com.hiball.web.test.CallAPIControllerTest" time="3.561" errors="1" skipped="0">
  <properties>
    <property name="java.runtime.name" value="Java(TM) SE Runtime Environment"/>
    <property name="sun.boot.library.path" value="/Library/Java/JavaVirtualMachines/jdk1.8.0_201.jdk/Contents/Home/jre/lib"/>
    <property name="java.vm.version" value="25.201-b09"/>
    <property name="gopherProxySet" value="false"/>
    <property name="java.vm.vendor" value="Oracle Corporation"/>
    <property name="maven.multiModuleProjectDirectory" value="/Users/bear059/Documents/DevSources/HiBall_Prototype_Video"/>
    <property name="java.vendor.url" value="http://java.oracle.com/"/>
    <property name="path.separator" value=":"/>
    <property name="guice.disable.misplaced.annotation.check" value="true"/>
    <property name="java.vm.name" value="Java HotSpot(TM) 64-Bit Server VM"/>
    <property name="file.encoding.pkg" value="sun.io"/>
    <property name="user.country" value="KR"/>
    <property name="sun.java.launcher" value="SUN_STANDARD"/>
    <property name="sun.os.patch.level" value="unknown"/>
    <property name="java.vm.specification.name" value="Java Virtual Machine Specification"/>
    <property name="user.dir" value="/Users/bear059/Documents/DevSources/HiBall_Prototype_Video"/>
    <property name="java.runtime.version" value="1.8.0_201-b09"/>
    <property name="java.awt.graphicsenv" value="sun.awt.CGraphicsEnvironment"/>
    <property name="java.endorsed.dirs" value="/Library/Java/JavaVirtualMachines/jdk1.8.0_201.jdk/Contents/Home/jre/lib/endorsed"/>
    <property name="os.arch" value="x86_64"/>
    <property name="java.io.tmpdir" value="/var/folders/5m/jj_wfyn1163dxwjb78nshdw80000gn/T/"/>
    <property name="line.separator" value="
"/>
    <property name="java.vm.specification.vendor" value="Oracle Corporation"/>
    <property name="os.name" value="Mac OS X"/>
    <property name="classworlds.conf" value="/Users/bear059/Documents/DevSources/.metadata/.plugins/org.eclipse.m2e.launching/launches/m2conf575557617008208237.tmp"/>
    <property name="sun.jnu.encoding" value="UTF-8"/>
    <property name="java.library.path" value="/Users/bear059/Library/Java/Extensions:/Library/Java/Extensions:/Network/Library/Java/Extensions:/System/Library/Java/Extensions:/usr/lib/java:."/>
    <property name="java.specification.name" value="Java Platform API Specification"/>
    <property name="java.class.version" value="52.0"/>
    <property name="sun.management.compiler" value="HotSpot 64-Bit Tiered Compilers"/>
    <property name="os.version" value="10.14.5"/>
    <property name="http.nonProxyHosts" value="local|*.local|169.254/16|*.169.254/16"/>
    <property name="user.home" value="/Users/bear059"/>
    <property name="user.timezone" value="Asia/Seoul"/>
    <property name="java.awt.printerjob" value="sun.lwawt.macosx.CPrinterJob"/>
    <property name="java.specification.version" value="1.8"/>
    <property name="file.encoding" value="UTF-8"/>
    <property name="user.name" value="bear059"/>
    <property name="java.class.path" value="/Users/bear059/.p2/pool/plugins/org.eclipse.m2e.maven.runtime_1.11.0.20190220-2117/jars/plexus-classworlds-2.5.2.jar"/>
    <property name="java.vm.specification.version" value="1.8"/>
    <property name="sun.arch.data.model" value="64"/>
    <property name="java.home" value="/Library/Java/JavaVirtualMachines/jdk1.8.0_201.jdk/Contents/Home/jre"/>
    <property name="sun.java.command" value="org.codehaus.plexus.classworlds.launcher.Launcher -B install"/>
    <property name="java.specification.vendor" value="Oracle Corporation"/>
    <property name="user.language" value="ko"/>
    <property name="user.language.format" value="ko-Kore"/>
    <property name="awt.toolkit" value="sun.lwawt.macosx.LWCToolkit"/>
    <property name="java.vm.info" value="mixed mode"/>
    <property name="java.version" value="1.8.0_201"/>
    <property name="java.ext.dirs" value="/Users/bear059/Library/Java/Extensions:/Library/Java/JavaVirtualMachines/jdk1.8.0_201.jdk/Contents/Home/jre/lib/ext:/Library/Java/Extensions:/Network/Library/Java/Extensions:/System/Library/Java/Extensions:/usr/lib/java"/>
    <property name="sun.boot.class.path" value="/Library/Java/JavaVirtualMachines/jdk1.8.0_201.jdk/Contents/Home/jre/lib/resources.jar:/Library/Java/JavaVirtualMachines/jdk1.8.0_201.jdk/Contents/Home/jre/lib/rt.jar:/Library/Java/JavaVirtualMachines/jdk1.8.0_201.jdk/Contents/Home/jre/lib/sunrsasign.jar:/Library/Java/JavaVirtualMachines/jdk1.8.0_201.jdk/Contents/Home/jre/lib/jsse.jar:/Library/Java/JavaVirtualMachines/jdk1.8.0_201.jdk/Contents/Home/jre/lib/jce.jar:/Library/Java/JavaVirtualMachines/jdk1.8.0_201.jdk/Contents/Home/jre/lib/charsets.jar:/Library/Java/JavaVirtualMachines/jdk1.8.0_201.jdk/Contents/Home/jre/lib/jfr.jar:/Library/Java/JavaVirtualMachines/jdk1.8.0_201.jdk/Contents/Home/jre/classes"/>
    <property name="java.vendor" value="Oracle Corporation"/>
    <property name="maven.home" value="/Users/bear059/Documents/DevSources/HiBall_Prototype_Video/EMBEDDED"/>
    <property name="file.separator" value="/"/>
    <property name="java.vendor.url.bug" value="http://bugreport.sun.com/bugreport/"/>
    <property name="sun.cpu.endian" value="little"/>
    <property name="sun.io.unicode.encoding" value="UnicodeBig"/>
    <property name="socksNonProxyHosts" value="local|*.local|169.254/16|*.169.254/16"/>
    <property name="ftp.nonProxyHosts" value="local|*.local|169.254/16|*.169.254/16"/>
    <property name="sun.cpu.isalist" value=""/>
  </properties>
  <testcase classname="com.hiball.web.test.CallAPIControllerTest" name="execute" time="3.561">
    <error message="Failed to load ApplicationContext" type="java.lang.IllegalStateException">java.lang.IllegalStateException: Failed to load ApplicationContext
	at org.springframework.test.context.CacheAwareContextLoaderDelegate.loadContext(CacheAwareContextLoaderDelegate.java:99)
	at org.springframework.test.context.DefaultTestContext.getApplicationContext(DefaultTestContext.java:101)
	at org.springframework.test.context.support.DependencyInjectionTestExecutionListener.injectDependencies(DependencyInjectionTestExecutionListener.java:109)
	at org.springframework.test.context.support.DependencyInjectionTestExecutionListener.prepareTestInstance(DependencyInjectionTestExecutionListener.java:75)
	at org.springframework.test.context.TestContextManager.prepareTestInstance(TestContextManager.java:319)
	at org.springframework.test.context.junit4.SpringJUnit4ClassRunner.createTest(SpringJUnit4ClassRunner.java:212)
	at org.springframework.test.context.junit4.SpringJUnit4ClassRunner$1.runReflectiveCall(SpringJUnit4ClassRunner.java:289)
	at org.junit.internal.runners.model.ReflectiveCallable.run(ReflectiveCallable.java:12)
	at org.springframework.test.context.junit4.SpringJUnit4ClassRunner.methodBlock(SpringJUnit4ClassRunner.java:291)
	at org.springframework.test.context.junit4.SpringJUnit4ClassRunner.runChild(SpringJUnit4ClassRunner.java:232)
	at org.springframework.test.context.junit4.SpringJUnit4ClassRunner.runChild(SpringJUnit4ClassRunner.java:89)
	at org.junit.runners.ParentRunner$3.run(ParentRunner.java:290)
	at org.junit.runners.ParentRunner$1.schedule(ParentRunner.java:71)
	at org.junit.runners.ParentRunner.runChildren(ParentRunner.java:288)
	at org.junit.runners.ParentRunner.access$000(ParentRunner.java:58)
	at org.junit.runners.ParentRunner$2.evaluate(ParentRunner.java:268)
	at org.springframework.test.context.junit4.statements.RunBeforeTestClassCallbacks.evaluate(RunBeforeTestClassCallbacks.java:61)
	at org.springframework.test.context.junit4.statements.RunAfterTestClassCallbacks.evaluate(RunAfterTestClassCallbacks.java:71)
	at org.junit.runners.ParentRunner.run(ParentRunner.java:363)
	at org.springframework.test.context.junit4.SpringJUnit4ClassRunner.run(SpringJUnit4ClassRunner.java:175)
	at org.apache.maven.surefire.junit4.JUnit4Provider.execute(JUnit4Provider.java:252)
	at org.apache.maven.surefire.junit4.JUnit4Provider.executeTestSet(JUnit4Provider.java:141)
	at org.apache.maven.surefire.junit4.JUnit4Provider.invoke(JUnit4Provider.java:112)
	at sun.reflect.NativeMethodAccessorImpl.invoke0(Native Method)
	at sun.reflect.NativeMethodAccessorImpl.invoke(NativeMethodAccessorImpl.java:62)
	at sun.reflect.DelegatingMethodAccessorImpl.invoke(DelegatingMethodAccessorImpl.java:43)
	at java.lang.reflect.Method.invoke(Method.java:498)
	at org.apache.maven.surefire.util.ReflectionUtils.invokeMethodWithArray(ReflectionUtils.java:189)
	at org.apache.maven.surefire.booter.ProviderFactory$ProviderProxy.invoke(ProviderFactory.java:165)
	at org.apache.maven.surefire.booter.ProviderFactory.invokeProvider(ProviderFactory.java:85)
	at org.apache.maven.surefire.booter.ForkedBooter.runSuitesInProcess(ForkedBooter.java:115)
	at org.apache.maven.surefire.booter.ForkedBooter.main(ForkedBooter.java:75)
Caused by: org.springframework.beans.factory.BeanCreationException: Error creating bean with name &apos;apiIntgrationService&apos;: Injection of autowired dependencies failed; nested exception is org.springframework.beans.factory.BeanCreationException: Could not autowire field: javax.servlet.ServletContext com.hiball.web.common.service.impl.APIIntegrationServiceImpl.servletContext; nested exception is org.springframework.beans.factory.NoSuchBeanDefinitionException: No qualifying bean of type [javax.servlet.ServletContext] found for dependency: expected at least 1 bean which qualifies as autowire candidate for this dependency. Dependency annotations: {@org.springframework.beans.factory.annotation.Autowired(required=true)}
	at org.springframework.beans.factory.annotation.AutowiredAnnotationBeanPostProcessor.postProcessPropertyValues(AutowiredAnnotationBeanPostProcessor.java:292)
	at org.springframework.beans.factory.support.AbstractAutowireCapableBeanFactory.populateBean(AbstractAutowireCapableBeanFactory.java:1185)
	at org.springframework.beans.factory.support.AbstractAutowireCapableBeanFactory.doCreateBean(AbstractAutowireCapableBeanFactory.java:537)
	at org.springframework.beans.factory.support.AbstractAutowireCapableBeanFactory.createBean(AbstractAutowireCapableBeanFactory.java:475)
	at org.springframework.beans.factory.support.AbstractBeanFactory$1.getObject(AbstractBeanFactory.java:304)
	at org.springframework.beans.factory.support.DefaultSingletonBeanRegistry.getSingleton(DefaultSingletonBeanRegistry.java:228)
	at org.springframework.beans.factory.support.AbstractBeanFactory.doGetBean(AbstractBeanFactory.java:300)
	at org.springframework.beans.factory.support.AbstractBeanFactory.getBean(AbstractBeanFactory.java:195)
	at org.springframework.beans.factory.support.DefaultListableBeanFactory.preInstantiateSingletons(DefaultListableBeanFactory.java:700)
	at org.springframework.context.support.AbstractApplicationContext.finishBeanFactoryInitialization(AbstractApplicationContext.java:760)
	at org.springframework.context.support.AbstractApplicationContext.refresh(AbstractApplicationContext.java:482)
	at org.springframework.test.context.support.AbstractGenericContextLoader.loadContext(AbstractGenericContextLoader.java:121)
	at org.springframework.test.context.support.AbstractGenericContextLoader.loadContext(AbstractGenericContextLoader.java:60)
	at org.springframework.test.context.support.AbstractDelegatingSmartContextLoader.delegateLoading(AbstractDelegatingSmartContextLoader.java:100)
	at org.springframework.test.context.support.AbstractDelegatingSmartContextLoader.loadContext(AbstractDelegatingSmartContextLoader.java:250)
	at org.springframework.test.context.CacheAwareContextLoaderDelegate.loadContextInternal(CacheAwareContextLoaderDelegate.java:64)
	at org.springframework.test.context.CacheAwareContextLoaderDelegate.loadContext(CacheAwareContextLoaderDelegate.java:91)
	... 31 more
Caused by: org.springframework.beans.factory.BeanCreationException: Could not autowire field: javax.servlet.ServletContext com.hiball.web.common.service.impl.APIIntegrationServiceImpl.servletContext; nested exception is org.springframework.beans.factory.NoSuchBeanDefinitionException: No qualifying bean of type [javax.servlet.ServletContext] found for dependency: expected at least 1 bean which qualifies as autowire candidate for this dependency. Dependency annotations: {@org.springframework.beans.factory.annotation.Autowired(required=true)}
	at org.springframework.beans.factory.annotation.AutowiredAnnotationBeanPostProcessor$AutowiredFieldElement.inject(AutowiredAnnotationBeanPostProcessor.java:508)
	at org.springframework.beans.factory.annotation.InjectionMetadata.inject(InjectionMetadata.java:87)
	at org.springframework.beans.factory.annotation.AutowiredAnnotationBeanPostProcessor.postProcessPropertyValues(AutowiredAnnotationBeanPostProcessor.java:289)
	... 47 more
Caused by: org.springframework.beans.factory.NoSuchBeanDefinitionException: No qualifying bean of type [javax.servlet.ServletContext] found for dependency: expected at least 1 bean which qualifies as autowire candidate for this dependency. Dependency annotations: {@org.springframework.beans.factory.annotation.Autowired(required=true)}
	at org.springframework.beans.factory.support.DefaultListableBeanFactory.raiseNoSuchBeanDefinitionException(DefaultListableBeanFactory.java:1100)
	at org.springframework.beans.factory.support.DefaultListableBeanFactory.doResolveDependency(DefaultListableBeanFactory.java:960)
	at org.springframework.beans.factory.support.DefaultListableBeanFactory.resolveDependency(DefaultListableBeanFactory.java:855)
	at org.springframework.beans.factory.annotation.AutowiredAnnotationBeanPostProcessor$AutowiredFieldElement.inject(AutowiredAnnotationBeanPostProcessor.java:480)
	... 49 more
</error>
    <system-out>[2019/06/30 15:18:31.118] &lt;Hiball_Video&gt; DEBUG o.s.t.c.j.SpringJUnit4ClassRunner - SpringJUnit4ClassRunner constructor called with [class com.hiball.web.test.CallAPIControllerTest].
[2019/06/30 15:18:31.178] &lt;Hiball_Video&gt; DEBUG o.s.t.c.s.AbstractDelegatingSmartContextLoader - Delegating to GenericXmlContextLoader to process context configuration [ContextConfigurationAttributes@57855c9a declaringClass = &apos;com.hiball.web.test.common.AbstractCommonControllerTest&apos;, locations = &apos;{/config/spring-config-root.xml}&apos;, classes = &apos;{}&apos;, inheritLocations = true, initializers = &apos;{}&apos;, inheritInitializers = true, name = [null], contextLoaderClass = &apos;org.springframework.test.context.ContextLoader&apos;].
[2019/06/30 15:18:31.179] &lt;Hiball_Video&gt; DEBUG o.s.test.context.ContextLoaderUtils - Could not find an &apos;annotation declaring class&apos; for annotation type [org.springframework.test.context.ActiveProfiles] and class [com.hiball.web.test.CallAPIControllerTest]
[2019/06/30 15:18:31.183] &lt;Hiball_Video&gt; DEBUG o.s.test.context.TestContextManager - @TestExecutionListeners is not present for class [class com.hiball.web.test.CallAPIControllerTest]: using defaults.
[2019/06/30 15:18:31.208] &lt;Hiball_Video&gt; DEBUG o.s.t.annotation.ProfileValueUtils - Retrieved @ProfileValueSourceConfiguration [null] for test class [com.hiball.web.test.CallAPIControllerTest]
[2019/06/30 15:18:31.209] &lt;Hiball_Video&gt; DEBUG o.s.t.annotation.ProfileValueUtils - Retrieved ProfileValueSource type [class org.springframework.test.annotation.SystemProfileValueSource] for class [com.hiball.web.test.CallAPIControllerTest]
[2019/06/30 15:18:31.211] &lt;Hiball_Video&gt; DEBUG o.s.t.annotation.ProfileValueUtils - Retrieved @ProfileValueSourceConfiguration [null] for test class [com.hiball.web.test.CallAPIControllerTest]
[2019/06/30 15:18:31.211] &lt;Hiball_Video&gt; DEBUG o.s.t.annotation.ProfileValueUtils - Retrieved ProfileValueSource type [class org.springframework.test.annotation.SystemProfileValueSource] for class [com.hiball.web.test.CallAPIControllerTest]
[2019/06/30 15:18:31.216] &lt;Hiball_Video&gt; DEBUG o.s.t.annotation.ProfileValueUtils - Retrieved @ProfileValueSourceConfiguration [null] for test class [com.hiball.web.test.CallAPIControllerTest]
[2019/06/30 15:18:31.216] &lt;Hiball_Video&gt; DEBUG o.s.t.annotation.ProfileValueUtils - Retrieved ProfileValueSource type [class org.springframework.test.annotation.SystemProfileValueSource] for class [com.hiball.web.test.CallAPIControllerTest]
[2019/06/30 15:18:31.219] &lt;Hiball_Video&gt; DEBUG o.s.t.c.s.DependencyInjectionTestExecutionListener - Performing dependency injection for test context [[DefaultTestContext@3dfc5fb8 testClass = CallAPIControllerTest, testInstance = com.hiball.web.test.CallAPIControllerTest@467aecef, testMethod = [null], testException = [null], mergedContextConfiguration = [MergedContextConfiguration@4d50efb8 testClass = CallAPIControllerTest, locations = &apos;{classpath:/config/spring-config-root.xml}&apos;, classes = &apos;{}&apos;, contextInitializerClasses = &apos;[]&apos;, activeProfiles = &apos;{}&apos;, contextLoader = &apos;org.springframework.test.context.support.DelegatingSmartContextLoader&apos;, parent = [null]]]].
[2019/06/30 15:18:31.220] &lt;Hiball_Video&gt; DEBUG o.s.t.c.s.AbstractDelegatingSmartContextLoader - Delegating to GenericXmlContextLoader to load context from [MergedContextConfiguration@4d50efb8 testClass = CallAPIControllerTest, locations = &apos;{classpath:/config/spring-config-root.xml}&apos;, classes = &apos;{}&apos;, contextInitializerClasses = &apos;[]&apos;, activeProfiles = &apos;{}&apos;, contextLoader = &apos;org.springframework.test.context.support.DelegatingSmartContextLoader&apos;, parent = [null]].
[2019/06/30 15:18:31.220] &lt;Hiball_Video&gt; DEBUG o.s.t.c.s.AbstractGenericContextLoader - Loading ApplicationContext for merged context configuration [[MergedContextConfiguration@4d50efb8 testClass = CallAPIControllerTest, locations = &apos;{classpath:/config/spring-config-root.xml}&apos;, classes = &apos;{}&apos;, contextInitializerClasses = &apos;[]&apos;, activeProfiles = &apos;{}&apos;, contextLoader = &apos;org.springframework.test.context.support.DelegatingSmartContextLoader&apos;, parent = [null]]].
[2019/06/30 15:18:31.317] &lt;Hiball_Video&gt; DEBUG o.s.core.env.StandardEnvironment - Initializing new StandardEnvironment
[2019/06/30 15:18:31.318] &lt;Hiball_Video&gt; DEBUG o.s.core.env.StandardEnvironment - Adding [systemProperties] PropertySource with lowest search precedence
[2019/06/30 15:18:31.321] &lt;Hiball_Video&gt; DEBUG o.s.core.env.StandardEnvironment - Adding [systemEnvironment] PropertySource with lowest search precedence
[2019/06/30 15:18:31.321] &lt;Hiball_Video&gt; DEBUG o.s.core.env.StandardEnvironment - Initialized StandardEnvironment with PropertySources [systemProperties,systemEnvironment]
[2019/06/30 15:18:31.329] &lt;Hiball_Video&gt; INFO  o.s.b.f.xml.XmlBeanDefinitionReader - Loading XML bean definitions from class path resource [config/spring-config-root.xml]
[2019/06/30 15:18:31.338] &lt;Hiball_Video&gt; DEBUG o.s.b.f.xml.DefaultDocumentLoader - Using JAXP provider [com.sun.org.apache.xerces.internal.jaxp.DocumentBuilderFactoryImpl]
[2019/06/30 15:18:31.374] &lt;Hiball_Video&gt; DEBUG o.s.b.f.xml.PluggableSchemaResolver - Loading schema mappings from [META-INF/spring.schemas]
[2019/06/30 15:18:31.381] &lt;Hiball_Video&gt; DEBUG o.s.b.f.xml.PluggableSchemaResolver - Loaded schema mappings: {http://www.springframework.org/schema/tx/spring-tx-2.5.xsd=org/springframework/transaction/config/spring-tx-2.5.xsd, http://www.springframework.org/schema/context/spring-context-3.1.xsd=org/springframework/context/config/spring-context-3.1.xsd, http://www.springframework.org/schema/util/spring-util-3.0.xsd=org/springframework/beans/factory/xml/spring-util-3.0.xsd, http://www.springframework.org/schema/tool/spring-tool.xsd=org/springframework/beans/factory/xml/spring-tool-4.0.xsd, http://www.springframework.org/schema/aop/spring-aop-3.2.xsd=org/springframework/aop/config/spring-aop-3.2.xsd, http://www.springframework.org/schema/context/spring-context-4.0.xsd=org/springframework/context/config/spring-context-4.0.xsd, http://www.springframework.org/schema/mvc/spring-mvc-3.2.xsd=org/springframework/web/servlet/config/spring-mvc-3.2.xsd, http://www.springframework.org/schema/lang/spring-lang-3.2.xsd=org/springframework/scripting/config/spring-lang-3.2.xsd, http://www.springframework.org/schema/cache/spring-cache-3.2.xsd=org/springframework/cache/config/spring-cache-3.2.xsd, http://www.springframework.org/schema/jdbc/spring-jdbc-3.1.xsd=org/springframework/jdbc/config/spring-jdbc-3.1.xsd, http://www.springframework.org/schema/util/spring-util-2.0.xsd=org/springframework/beans/factory/xml/spring-util-2.0.xsd, http://www.springframework.org/schema/tool/spring-tool-3.2.xsd=org/springframework/beans/factory/xml/spring-tool-3.2.xsd, http://www.springframework.org/schema/context/spring-context.xsd=org/springframework/context/config/spring-context-4.0.xsd, http://www.springframework.org/schema/aop/spring-aop-4.0.xsd=org/springframework/aop/config/spring-aop-4.0.xsd, http://www.springframework.org/schema/jee/spring-jee-3.2.xsd=org/springframework/ejb/config/spring-jee-3.2.xsd, http://www.springframework.org/schema/context/spring-context-3.0.xsd=org/springframework/context/config/spring-context-3.0.xsd, http://www.springframework.org/schema/jdbc/spring-jdbc-4.0.xsd=org/springframework/jdbc/config/spring-jdbc-4.0.xsd, http://www.springframework.org/schema/util/spring-util-2.5.xsd=org/springframework/beans/factory/xml/spring-util-2.5.xsd, http://www.springframework.org/schema/mvc/spring-mvc-4.0.xsd=org/springframework/web/servlet/config/spring-mvc-4.0.xsd, http://www.springframework.org/schema/beans/spring-beans-3.2.xsd=org/springframework/beans/factory/xml/spring-beans-3.2.xsd, http://www.springframework.org/schema/aop/spring-aop-3.1.xsd=org/springframework/aop/config/spring-aop-3.1.xsd, http://www.springframework.org/schema/lang/spring-lang-4.0.xsd=org/springframework/scripting/config/spring-lang-4.0.xsd, http://www.springframework.org/schema/mvc/spring-mvc.xsd=org/springframework/web/servlet/config/spring-mvc-4.0.xsd, http://www.springframework.org/schema/mvc/spring-mvc-3.1.xsd=org/springframework/web/servlet/config/spring-mvc-3.1.xsd, http://www.springframework.org/schema/tool/spring-tool-4.0.xsd=org/springframework/beans/factory/xml/spring-tool-4.0.xsd, http://www.springframework.org/schema/tx/spring-tx-3.2.xsd=org/springframework/transaction/config/spring-tx-3.2.xsd, http://www.springframework.org/schema/lang/spring-lang-3.1.xsd=org/springframework/scripting/config/spring-lang-3.1.xsd, http://www.springframework.org/schema/cache/spring-cache-3.1.xsd=org/springframework/cache/config/spring-cache-3.1.xsd, http://www.springframework.org/schema/jee/spring-jee-4.0.xsd=org/springframework/ejb/config/spring-jee-4.0.xsd, http://www.springframework.org/schema/jdbc/spring-jdbc-3.0.xsd=org/springframework/jdbc/config/spring-jdbc-3.0.xsd, http://www.springframework.org/schema/jdbc/spring-jdbc.xsd=org/springframework/jdbc/config/spring-jdbc-4.0.xsd, http://www.springframework.org/schema/tool/spring-tool-3.1.xsd=org/springframework/beans/factory/xml/spring-tool-3.1.xsd, http://www.springframework.org/schema/cache/spring-cache-4.0.xsd=org/springframework/cache/config/spring-cache-4.0.xsd, http://www.springframework.org/schema/jee/spring-jee-3.1.xsd=org/springframework/ejb/config/spring-jee-3.1.xsd, http://www.springframework.org/schema/task/spring-task-3.2.xsd=org/springframework/scheduling/config/spring-task-3.2.xsd, http://www.springframework.org/schema/beans/spring-beans-3.1.xsd=org/springframework/beans/factory/xml/spring-beans-3.1.xsd, http://www.springframework.org/schema/util/spring-util.xsd=org/springframework/beans/factory/xml/spring-util-4.0.xsd, http://www.springframework.org/schema/aop/spring-aop-3.0.xsd=org/springframework/aop/config/spring-aop-3.0.xsd, http://www.springframework.org/schema/mvc/spring-mvc-3.0.xsd=org/springframework/web/servlet/config/spring-mvc-3.0.xsd, http://www.springframework.org/schema/beans/spring-beans-4.0.xsd=org/springframework/beans/factory/xml/spring-beans-4.0.xsd, http://www.springframework.org/schema/beans/spring-beans.xsd=org/springframework/beans/factory/xml/spring-beans-4.0.xsd, http://www.springframework.org/schema/lang/spring-lang-3.0.xsd=org/springframework/scripting/config/spring-lang-3.0.xsd, http://www.springframework.org/schema/tx/spring-tx-3.1.xsd=org/springframework/transaction/config/spring-tx-3.1.xsd, http://www.springframework.org/schema/context/spring-context-2.5.xsd=org/springframework/context/config/spring-context-2.5.xsd, http://www.springframework.org/schema/task/spring-task-4.0.xsd=org/springframework/scheduling/config/spring-task-4.0.xsd, http://www.springframework.org/schema/tool/spring-tool-3.0.xsd=org/springframework/beans/factory/xml/spring-tool-3.0.xsd, http://www.springframework.org/schema/tx/spring-tx-4.0.xsd=org/springframework/transaction/config/spring-tx-4.0.xsd, http://www.springframework.org/schema/aop/spring-aop-2.0.xsd=org/springframework/aop/config/spring-aop-2.0.xsd, http://www.springframework.org/schema/jee/spring-jee-3.0.xsd=org/springframework/ejb/config/spring-jee-3.0.xsd, http://www.springframework.org/schema/task/spring-task-3.1.xsd=org/springframework/scheduling/config/spring-task-3.1.xsd, http://www.springframework.org/schema/beans/spring-beans-3.0.xsd=org/springframework/beans/factory/xml/spring-beans-3.0.xsd, http://www.springframework.org/schema/jee/spring-jee.xsd=org/springframework/ejb/config/spring-jee-4.0.xsd, http://www.springframework.org/schema/aop/spring-aop-2.5.xsd=org/springframework/aop/config/spring-aop-2.5.xsd, http://www.springframework.org/schema/lang/spring-lang-2.0.xsd=org/springframework/scripting/config/spring-lang-2.0.xsd, http://www.springframework.org/schema/util/spring-util-3.2.xsd=org/springframework/beans/factory/xml/spring-util-3.2.xsd, http://www.springframework.org/schema/task/spring-task.xsd=org/springframework/scheduling/config/spring-task-4.0.xsd, http://www.springframework.org/schema/tool/spring-tool-2.0.xsd=org/springframework/beans/factory/xml/spring-tool-2.0.xsd, http://www.springframework.org/schema/tx/spring-tx-3.0.xsd=org/springframework/transaction/config/spring-tx-3.0.xsd, http://www.springframework.org/schema/lang/spring-lang-2.5.xsd=org/springframework/scripting/config/spring-lang-2.5.xsd, http://www.springframework.org/schema/jee/spring-jee-2.0.xsd=org/springframework/ejb/config/spring-jee-2.0.xsd, http://www.springframework.org/schema/tool/spring-tool-2.5.xsd=org/springframework/beans/factory/xml/spring-tool-2.5.xsd, http://www.springframework.org/schema/jee/spring-jee-2.5.xsd=org/springframework/ejb/config/spring-jee-2.5.xsd, http://www.springframework.org/schema/util/spring-util-4.0.xsd=org/springframework/beans/factory/xml/spring-util-4.0.xsd, http://www.springframework.org/schema/task/spring-task-3.0.xsd=org/springframework/scheduling/config/spring-task-3.0.xsd, http://www.springframework.org/schema/lang/spring-lang.xsd=org/springframework/scripting/config/spring-lang-4.0.xsd, http://www.springframework.org/schema/context/spring-context-3.2.xsd=org/springframework/context/config/spring-context-3.2.xsd, http://www.springframework.org/schema/util/spring-util-3.1.xsd=org/springframework/beans/factory/xml/spring-util-3.1.xsd, http://www.springframework.org/schema/beans/spring-beans-2.0.xsd=org/springframework/beans/factory/xml/spring-beans-2.0.xsd, http://www.springframework.org/schema/cache/spring-cache.xsd=org/springframework/cache/config/spring-cache-4.0.xsd, http://www.springframework.org/schema/tx/spring-tx.xsd=org/springframework/transaction/config/spring-tx-4.0.xsd, http://www.springframework.org/schema/beans/spring-beans-2.5.xsd=org/springframework/beans/factory/xml/spring-beans-2.5.xsd, http://www.springframework.org/schema/tx/spring-tx-2.0.xsd=org/springframework/transaction/config/spring-tx-2.0.xsd, http://www.springframework.org/schema/jdbc/spring-jdbc-3.2.xsd=org/springframework/jdbc/config/spring-jdbc-3.2.xsd, http://www.springframework.org/schema/aop/spring-aop.xsd=org/springframework/aop/config/spring-aop-4.0.xsd}
[2019/06/30 15:18:31.385] &lt;Hiball_Video&gt; DEBUG o.s.b.f.xml.PluggableSchemaResolver - Found XML schema [http://www.springframework.org/schema/beans/spring-beans-4.0.xsd] in classpath: org/springframework/beans/factory/xml/spring-beans-4.0.xsd
[2019/06/30 15:18:31.443] &lt;Hiball_Video&gt; DEBUG o.s.b.f.xml.PluggableSchemaResolver - Found XML schema [http://www.springframework.org/schema/mvc/spring-mvc-4.0.xsd] in classpath: org/springframework/web/servlet/config/spring-mvc-4.0.xsd
[2019/06/30 15:18:31.479] &lt;Hiball_Video&gt; DEBUG o.s.b.f.xml.PluggableSchemaResolver - Found XML schema [http://www.springframework.org/schema/tool/spring-tool-4.0.xsd] in classpath: org/springframework/beans/factory/xml/spring-tool-4.0.xsd
[2019/06/30 15:18:31.489] &lt;Hiball_Video&gt; DEBUG o.s.b.f.xml.PluggableSchemaResolver - Found XML schema [http://www.springframework.org/schema/context/spring-context-4.0.xsd] in classpath: org/springframework/context/config/spring-context-4.0.xsd
[2019/06/30 15:18:31.502] &lt;Hiball_Video&gt; DEBUG o.s.b.f.x.DefaultBeanDefinitionDocumentReader - Loading bean definitions
[2019/06/30 15:18:31.512] &lt;Hiball_Video&gt; DEBUG o.s.b.f.x.DefaultNamespaceHandlerResolver - Loaded NamespaceHandler mappings: {http://www.springframework.org/schema/p=org.springframework.beans.factory.xml.SimplePropertyNamespaceHandler, http://www.springframework.org/schema/mvc=org.springframework.web.servlet.config.MvcNamespaceHandler, http://www.springframework.org/schema/util=org.springframework.beans.factory.xml.UtilNamespaceHandler, http://www.springframework.org/schema/jee=org.springframework.ejb.config.JeeNamespaceHandler, http://www.springframework.org/schema/aop=org.springframework.aop.config.AopNamespaceHandler, http://www.springframework.org/schema/jdbc=org.springframework.jdbc.config.JdbcNamespaceHandler, http://www.springframework.org/schema/cache=org.springframework.cache.config.CacheNamespaceHandler, http://www.springframework.org/schema/c=org.springframework.beans.factory.xml.SimpleConstructorNamespaceHandler, http://www.springframework.org/schema/tx=org.springframework.transaction.config.TxNamespaceHandler, http://www.springframework.org/schema/task=org.springframework.scheduling.config.TaskNamespaceHandler, http://www.springframework.org/schema/lang=org.springframework.scripting.config.LangNamespaceHandler, http://www.springframework.org/schema/context=org.springframework.context.config.ContextNamespaceHandler}
[2019/06/30 15:18:31.567] &lt;Hiball_Video&gt; DEBUG o.s.c.i.s.PathMatchingResourcePatternResolver - Looking for matching resources in directory tree [/Users/bear059/Documents/DevSources/HiBall_Prototype_Video/target/test-classes/com/hiball/web]
[2019/06/30 15:18:31.567] &lt;Hiball_Video&gt; DEBUG o.s.c.i.s.PathMatchingResourcePatternResolver - Searching directory [/Users/bear059/Documents/DevSources/HiBall_Prototype_Video/target/test-classes/com/hiball/web] for files matching pattern [/Users/bear059/Documents/DevSources/HiBall_Prototype_Video/target/test-classes/com/hiball/web/**/**/*.class]
[2019/06/30 15:18:31.570] &lt;Hiball_Video&gt; DEBUG o.s.c.i.s.PathMatchingResourcePatternResolver - Searching directory [/Users/bear059/Documents/DevSources/HiBall_Prototype_Video/target/test-classes/com/hiball/web/test] for files matching pattern [/Users/bear059/Documents/DevSources/HiBall_Prototype_Video/target/test-classes/com/hiball/web/**/**/*.class]
[2019/06/30 15:18:31.571] &lt;Hiball_Video&gt; DEBUG o.s.c.i.s.PathMatchingResourcePatternResolver - Searching directory [/Users/bear059/Documents/DevSources/HiBall_Prototype_Video/target/test-classes/com/hiball/web/test/common] for files matching pattern [/Users/bear059/Documents/DevSources/HiBall_Prototype_Video/target/test-classes/com/hiball/web/**/**/*.class]
[2019/06/30 15:18:31.571] &lt;Hiball_Video&gt; DEBUG o.s.c.i.s.PathMatchingResourcePatternResolver - Searching directory [/Users/bear059/Documents/DevSources/HiBall_Prototype_Video/target/test-classes/com/hiball/web/util] for files matching pattern [/Users/bear059/Documents/DevSources/HiBall_Prototype_Video/target/test-classes/com/hiball/web/**/**/*.class]
[2019/06/30 15:18:31.572] &lt;Hiball_Video&gt; DEBUG o.s.c.i.s.PathMatchingResourcePatternResolver - Searching directory [/Users/bear059/Documents/DevSources/HiBall_Prototype_Video/target/test-classes/com/hiball/web/integration] for files matching pattern [/Users/bear059/Documents/DevSources/HiBall_Prototype_Video/target/test-classes/com/hiball/web/**/**/*.class]
[2019/06/30 15:18:31.573] &lt;Hiball_Video&gt; DEBUG o.s.c.i.s.PathMatchingResourcePatternResolver - Looking for matching resources in directory tree [/Users/bear059/Documents/DevSources/HiBall_Prototype_Video/target/classes/com/hiball/web]
[2019/06/30 15:18:31.574] &lt;Hiball_Video&gt; DEBUG o.s.c.i.s.PathMatchingResourcePatternResolver - Searching directory [/Users/bear059/Documents/DevSources/HiBall_Prototype_Video/target/classes/com/hiball/web] for files matching pattern [/Users/bear059/Documents/DevSources/HiBall_Prototype_Video/target/classes/com/hiball/web/**/**/*.class]
[2019/06/30 15:18:31.574] &lt;Hiball_Video&gt; DEBUG o.s.c.i.s.PathMatchingResourcePatternResolver - Searching directory [/Users/bear059/Documents/DevSources/HiBall_Prototype_Video/target/classes/com/hiball/web/util] for files matching pattern [/Users/bear059/Documents/DevSources/HiBall_Prototype_Video/target/classes/com/hiball/web/**/**/*.class]
[2019/06/30 15:18:31.575] &lt;Hiball_Video&gt; DEBUG o.s.c.i.s.PathMatchingResourcePatternResolver - Searching directory [/Users/bear059/Documents/DevSources/HiBall_Prototype_Video/target/classes/com/hiball/web/util/analysis] for files matching pattern [/Users/bear059/Documents/DevSources/HiBall_Prototype_Video/target/classes/com/hiball/web/**/**/*.class]
[2019/06/30 15:18:31.576] &lt;Hiball_Video&gt; DEBUG o.s.c.i.s.PathMatchingResourcePatternResolver - Searching directory [/Users/bear059/Documents/DevSources/HiBall_Prototype_Video/target/classes/com/hiball/web/util/analysis/viewpoint] for files matching pattern [/Users/bear059/Documents/DevSources/HiBall_Prototype_Video/target/classes/com/hiball/web/**/**/*.class]
[2019/06/30 15:18:31.577] &lt;Hiball_Video&gt; DEBUG o.s.c.i.s.PathMatchingResourcePatternResolver - Searching directory [/Users/bear059/Documents/DevSources/HiBall_Prototype_Video/target/classes/com/hiball/web/util/sort] for files matching pattern [/Users/bear059/Documents/DevSources/HiBall_Prototype_Video/target/classes/com/hiball/web/**/**/*.class]
[2019/06/30 15:18:31.578] &lt;Hiball_Video&gt; DEBUG o.s.c.i.s.PathMatchingResourcePatternResolver - Searching directory [/Users/bear059/Documents/DevSources/HiBall_Prototype_Video/target/classes/com/hiball/web/util/convertor] for files matching pattern [/Users/bear059/Documents/DevSources/HiBall_Prototype_Video/target/classes/com/hiball/web/**/**/*.class]
[2019/06/30 15:18:31.578] &lt;Hiball_Video&gt; DEBUG o.s.c.i.s.PathMatchingResourcePatternResolver - Searching directory [/Users/bear059/Documents/DevSources/HiBall_Prototype_Video/target/classes/com/hiball/web/util/accum] for files matching pattern [/Users/bear059/Documents/DevSources/HiBall_Prototype_Video/target/classes/com/hiball/web/**/**/*.class]
[2019/06/30 15:18:31.579] &lt;Hiball_Video&gt; DEBUG o.s.c.i.s.PathMatchingResourcePatternResolver - Searching directory [/Users/bear059/Documents/DevSources/HiBall_Prototype_Video/target/classes/com/hiball/web/util/date] for files matching pattern [/Users/bear059/Documents/DevSources/HiBall_Prototype_Video/target/classes/com/hiball/web/**/**/*.class]
[2019/06/30 15:18:31.579] &lt;Hiball_Video&gt; DEBUG o.s.c.i.s.PathMatchingResourcePatternResolver - Searching directory [/Users/bear059/Documents/DevSources/HiBall_Prototype_Video/target/classes/com/hiball/web/util/value] for files matching pattern [/Users/bear059/Documents/DevSources/HiBall_Prototype_Video/target/classes/com/hiball/web/**/**/*.class]
[2019/06/30 15:18:31.581] &lt;Hiball_Video&gt; DEBUG o.s.c.i.s.PathMatchingResourcePatternResolver - Searching directory [/Users/bear059/Documents/DevSources/HiBall_Prototype_Video/target/classes/com/hiball/web/util/calc] for files matching pattern [/Users/bear059/Documents/DevSources/HiBall_Prototype_Video/target/classes/com/hiball/web/**/**/*.class]
[2019/06/30 15:18:31.584] &lt;Hiball_Video&gt; DEBUG o.s.c.i.s.PathMatchingResourcePatternResolver - Searching directory [/Users/bear059/Documents/DevSources/HiBall_Prototype_Video/target/classes/com/hiball/web/util/judgerate] for files matching pattern [/Users/bear059/Documents/DevSources/HiBall_Prototype_Video/target/classes/com/hiball/web/**/**/*.class]
[2019/06/30 15:18:31.585] &lt;Hiball_Video&gt; DEBUG o.s.c.i.s.PathMatchingResourcePatternResolver - Searching directory [/Users/bear059/Documents/DevSources/HiBall_Prototype_Video/target/classes/com/hiball/web/util/ordering] for files matching pattern [/Users/bear059/Documents/DevSources/HiBall_Prototype_Video/target/classes/com/hiball/web/**/**/*.class]
[2019/06/30 15:18:31.586] &lt;Hiball_Video&gt; DEBUG o.s.c.i.s.PathMatchingResourcePatternResolver - Searching directory [/Users/bear059/Documents/DevSources/HiBall_Prototype_Video/target/classes/com/hiball/web/util/columns] for files matching pattern [/Users/bear059/Documents/DevSources/HiBall_Prototype_Video/target/classes/com/hiball/web/**/**/*.class]
[2019/06/30 15:18:31.587] &lt;Hiball_Video&gt; DEBUG o.s.c.i.s.PathMatchingResourcePatternResolver - Searching directory [/Users/bear059/Documents/DevSources/HiBall_Prototype_Video/target/classes/com/hiball/web/util/strongorweakutil] for files matching pattern [/Users/bear059/Documents/DevSources/HiBall_Prototype_Video/target/classes/com/hiball/web/**/**/*.class]
[2019/06/30 15:18:31.587] &lt;Hiball_Video&gt; DEBUG o.s.c.i.s.PathMatchingResourcePatternResolver - Searching directory [/Users/bear059/Documents/DevSources/HiBall_Prototype_Video/target/classes/com/hiball/web/util/strongorweakutil/impl] for files matching pattern [/Users/bear059/Documents/DevSources/HiBall_Prototype_Video/target/classes/com/hiball/web/**/**/*.class]
[2019/06/30 15:18:31.588] &lt;Hiball_Video&gt; DEBUG o.s.c.i.s.PathMatchingResourcePatternResolver - Searching directory [/Users/bear059/Documents/DevSources/HiBall_Prototype_Video/target/classes/com/hiball/web/util/groupcalc] for files matching pattern [/Users/bear059/Documents/DevSources/HiBall_Prototype_Video/target/classes/com/hiball/web/**/**/*.class]
[2019/06/30 15:18:31.589] &lt;Hiball_Video&gt; DEBUG o.s.c.i.s.PathMatchingResourcePatternResolver - Searching directory [/Users/bear059/Documents/DevSources/HiBall_Prototype_Video/target/classes/com/hiball/web/util/megelist] for files matching pattern [/Users/bear059/Documents/DevSources/HiBall_Prototype_Video/target/classes/com/hiball/web/**/**/*.class]
[2019/06/30 15:18:31.593] &lt;Hiball_Video&gt; DEBUG o.s.c.i.s.PathMatchingResourcePatternResolver - Searching directory [/Users/bear059/Documents/DevSources/HiBall_Prototype_Video/target/classes/com/hiball/web/common] for files matching pattern [/Users/bear059/Documents/DevSources/HiBall_Prototype_Video/target/classes/com/hiball/web/**/**/*.class]
[2019/06/30 15:18:31.594] &lt;Hiball_Video&gt; DEBUG o.s.c.i.s.PathMatchingResourcePatternResolver - Searching directory [/Users/bear059/Documents/DevSources/HiBall_Prototype_Video/target/classes/com/hiball/web/common/handler] for files matching pattern [/Users/bear059/Documents/DevSources/HiBall_Prototype_Video/target/classes/com/hiball/web/**/**/*.class]
[2019/06/30 15:18:31.595] &lt;Hiball_Video&gt; DEBUG o.s.c.i.s.PathMatchingResourcePatternResolver - Searching directory [/Users/bear059/Documents/DevSources/HiBall_Prototype_Video/target/classes/com/hiball/web/common/excpeiton] for files matching pattern [/Users/bear059/Documents/DevSources/HiBall_Prototype_Video/target/classes/com/hiball/web/**/**/*.class]
[2019/06/30 15:18:31.595] &lt;Hiball_Video&gt; DEBUG o.s.c.i.s.PathMatchingResourcePatternResolver - Searching directory [/Users/bear059/Documents/DevSources/HiBall_Prototype_Video/target/classes/com/hiball/web/common/excpeiton/resolver] for files matching pattern [/Users/bear059/Documents/DevSources/HiBall_Prototype_Video/target/classes/com/hiball/web/**/**/*.class]
[2019/06/30 15:18:31.596] &lt;Hiball_Video&gt; DEBUG o.s.c.i.s.PathMatchingResourcePatternResolver - Searching directory [/Users/bear059/Documents/DevSources/HiBall_Prototype_Video/target/classes/com/hiball/web/common/enums] for files matching pattern [/Users/bear059/Documents/DevSources/HiBall_Prototype_Video/target/classes/com/hiball/web/**/**/*.class]
[2019/06/30 15:18:31.597] &lt;Hiball_Video&gt; DEBUG o.s.c.i.s.PathMatchingResourcePatternResolver - Searching directory [/Users/bear059/Documents/DevSources/HiBall_Prototype_Video/target/classes/com/hiball/web/common/dao] for files matching pattern [/Users/bear059/Documents/DevSources/HiBall_Prototype_Video/target/classes/com/hiball/web/**/**/*.class]
[2019/06/30 15:18:31.597] &lt;Hiball_Video&gt; DEBUG o.s.c.i.s.PathMatchingResourcePatternResolver - Searching directory [/Users/bear059/Documents/DevSources/HiBall_Prototype_Video/target/classes/com/hiball/web/common/dao/impl] for files matching pattern [/Users/bear059/Documents/DevSources/HiBall_Prototype_Video/target/classes/com/hiball/web/**/**/*.class]
[2019/06/30 15:18:31.600] &lt;Hiball_Video&gt; DEBUG o.s.c.i.s.PathMatchingResourcePatternResolver - Searching directory [/Users/bear059/Documents/DevSources/HiBall_Prototype_Video/target/classes/com/hiball/web/common/logic] for files matching pattern [/Users/bear059/Documents/DevSources/HiBall_Prototype_Video/target/classes/com/hiball/web/**/**/*.class]
[2019/06/30 15:18:31.601] &lt;Hiball_Video&gt; DEBUG o.s.c.i.s.PathMatchingResourcePatternResolver - Searching directory [/Users/bear059/Documents/DevSources/HiBall_Prototype_Video/target/classes/com/hiball/web/common/param] for files matching pattern [/Users/bear059/Documents/DevSources/HiBall_Prototype_Video/target/classes/com/hiball/web/**/**/*.class]
[2019/06/30 15:18:31.602] &lt;Hiball_Video&gt; DEBUG o.s.c.i.s.PathMatchingResourcePatternResolver - Searching directory [/Users/bear059/Documents/DevSources/HiBall_Prototype_Video/target/classes/com/hiball/web/common/view] for files matching pattern [/Users/bear059/Documents/DevSources/HiBall_Prototype_Video/target/classes/com/hiball/web/**/**/*.class]
[2019/06/30 15:18:31.603] &lt;Hiball_Video&gt; DEBUG o.s.c.i.s.PathMatchingResourcePatternResolver - Searching directory [/Users/bear059/Documents/DevSources/HiBall_Prototype_Video/target/classes/com/hiball/web/common/service] for files matching pattern [/Users/bear059/Documents/DevSources/HiBall_Prototype_Video/target/classes/com/hiball/web/**/**/*.class]
[2019/06/30 15:18:31.611] &lt;Hiball_Video&gt; DEBUG o.s.c.i.s.PathMatchingResourcePatternResolver - Searching directory [/Users/bear059/Documents/DevSources/HiBall_Prototype_Video/target/classes/com/hiball/web/common/service/impl] for files matching pattern [/Users/bear059/Documents/DevSources/HiBall_Prototype_Video/target/classes/com/hiball/web/**/**/*.class]
[2019/06/30 15:18:31.612] &lt;Hiball_Video&gt; DEBUG o.s.c.i.s.PathMatchingResourcePatternResolver - Searching directory [/Users/bear059/Documents/DevSources/HiBall_Prototype_Video/target/classes/com/hiball/web/common/bind] for files matching pattern [/Users/bear059/Documents/DevSources/HiBall_Prototype_Video/target/classes/com/hiball/web/**/**/*.class]
[2019/06/30 15:18:31.612] &lt;Hiball_Video&gt; DEBUG o.s.c.i.s.PathMatchingResourcePatternResolver - Searching directory [/Users/bear059/Documents/DevSources/HiBall_Prototype_Video/target/classes/com/hiball/web/common/domain] for files matching pattern [/Users/bear059/Documents/DevSources/HiBall_Prototype_Video/target/classes/com/hiball/web/**/**/*.class]
[2019/06/30 15:18:31.613] &lt;Hiball_Video&gt; DEBUG o.s.c.i.s.PathMatchingResourcePatternResolver - Searching directory [/Users/bear059/Documents/DevSources/HiBall_Prototype_Video/target/classes/com/hiball/web/common/intercepter] for files matching pattern [/Users/bear059/Documents/DevSources/HiBall_Prototype_Video/target/classes/com/hiball/web/**/**/*.class]
[2019/06/30 15:18:31.618] &lt;Hiball_Video&gt; DEBUG o.s.c.i.s.PathMatchingResourcePatternResolver - Resolved location pattern [classpath*:com/hiball/web/**/**/*.class] to resources [file [/Users/bear059/Documents/DevSources/HiBall_Prototype_Video/target/test-classes/com/hiball/web/test/CallAPIControllerTest.class], file [/Users/bear059/Documents/DevSources/HiBall_Prototype_Video/target/test-classes/com/hiball/web/test/common/AbstractCommonControllerTest.class], file [/Users/bear059/Documents/DevSources/HiBall_Prototype_Video/target/test-classes/com/hiball/web/util/TeamRecordUtilTest.class], file [/Users/bear059/Documents/DevSources/HiBall_Prototype_Video/target/test-classes/com/hiball/web/integration/IntegrationServiceCallTest.class], file [/Users/bear059/Documents/DevSources/HiBall_Prototype_Video/target/classes/com/hiball/web/util/PitchingTypeOrderingComparator.class], file [/Users/bear059/Documents/DevSources/HiBall_Prototype_Video/target/classes/com/hiball/web/util/NullChecker.class], file [/Users/bear059/Documents/DevSources/HiBall_Prototype_Video/target/classes/com/hiball/web/util/analysis/TeamViewPoint.class], file [/Users/bear059/Documents/DevSources/HiBall_Prototype_Video/target/classes/com/hiball/web/util/analysis/TeamViewPointForTeamRecord.class], file [/Users/bear059/Documents/DevSources/HiBall_Prototype_Video/target/classes/com/hiball/web/util/analysis/TeamViewPointForPlayerRecord.class], file [/Users/bear059/Documents/DevSources/HiBall_Prototype_Video/target/classes/com/hiball/web/util/analysis/viewpoint/AnalysisTeamViewPointUtil.class], file [/Users/bear059/Documents/DevSources/HiBall_Prototype_Video/target/classes/com/hiball/web/util/analysis/viewpoint/TeamViewPointConcrete.class], file [/Users/bear059/Documents/DevSources/HiBall_Prototype_Video/target/classes/com/hiball/web/util/sort/AbstractOrderingComparator$1.class], file [/Users/bear059/Documents/DevSources/HiBall_Prototype_Video/target/classes/com/hiball/web/util/sort/AbstractOrderingComparator.class], file [/Users/bear059/Documents/DevSources/HiBall_Prototype_Video/target/classes/com/hiball/web/util/sort/BattingOrderingComparator.class], file [/Users/bear059/Documents/DevSources/HiBall_Prototype_Video/target/classes/com/hiball/web/util/sort/PitchingOrderingComparator.class], file [/Users/bear059/Documents/DevSources/HiBall_Prototype_Video/target/classes/com/hiball/web/util/sort/TeamOrderingComparator.class], file [/Users/bear059/Documents/DevSources/HiBall_Prototype_Video/target/classes/com/hiball/web/util/sort/TeamViewPointComparator.class], file [/Users/bear059/Documents/DevSources/HiBall_Prototype_Video/target/classes/com/hiball/web/util/convertor/ValueConvertor.class], file [/Users/bear059/Documents/DevSources/HiBall_Prototype_Video/target/classes/com/hiball/web/util/accum/AccumlateUtil.class], file [/Users/bear059/Documents/DevSources/HiBall_Prototype_Video/target/classes/com/hiball/web/util/EnvironmentOrderingComparator.class], file [/Users/bear059/Documents/DevSources/HiBall_Prototype_Video/target/classes/com/hiball/web/util/date/DateUtils.class], file [/Users/bear059/Documents/DevSources/HiBall_Prototype_Video/target/classes/com/hiball/web/util/PatternUtils$1.class], file [/Users/bear059/Documents/DevSources/HiBall_Prototype_Video/target/classes/com/hiball/web/util/value/SortingType.class], file [/Users/bear059/Documents/DevSources/HiBall_Prototype_Video/target/classes/com/hiball/web/util/value/TeamListUtil.class], file [/Users/bear059/Documents/DevSources/HiBall_Prototype_Video/target/classes/com/hiball/web/util/value/CodeConvertor.class], file [/Users/bear059/Documents/DevSources/HiBall_Prototype_Video/target/classes/com/hiball/web/util/value/GroupingColumn.class], file [/Users/bear059/Documents/DevSources/HiBall_Prototype_Video/target/classes/com/hiball/web/util/value/SortingValue.class], file [/Users/bear059/Documents/DevSources/HiBall_Prototype_Video/target/classes/com/hiball/web/util/calc/TeamRecordUtil.class], file [/Users/bear059/Documents/DevSources/HiBall_Prototype_Video/target/classes/com/hiball/web/util/calc/GameRecordSummaryUtil.class], file [/Users/bear059/Documents/DevSources/HiBall_Prototype_Video/target/classes/com/hiball/web/util/judgerate/JudgeRateUtils.class], file [/Users/bear059/Documents/DevSources/HiBall_Prototype_Video/target/classes/com/hiball/web/util/EtcUtil.class], file [/Users/bear059/Documents/DevSources/HiBall_Prototype_Video/target/classes/com/hiball/web/util/BatterOrderingComparator.class], file [/Users/bear059/Documents/DevSources/HiBall_Prototype_Video/target/classes/com/hiball/web/util/ordering/AccmBallCntOrderingComparator.class], file [/Users/bear059/Documents/DevSources/HiBall_Prototype_Video/target/classes/com/hiball/web/util/ordering/TeamOrderingComparator.class], file [/Users/bear059/Documents/DevSources/HiBall_Prototype_Video/target/classes/com/hiball/web/util/ordering/CodeOrderingComparator.class], file [/Users/bear059/Documents/DevSources/HiBall_Prototype_Video/target/classes/com/hiball/web/util/PitchingTypeUtil.class], file [/Users/bear059/Documents/DevSources/HiBall_Prototype_Video/target/classes/com/hiball/web/util/StrongOrWeakRankPoper.class], file [/Users/bear059/Documents/DevSources/HiBall_Prototype_Video/target/classes/com/hiball/web/util/PatternUtils.class], file [/Users/bear059/Documents/DevSources/HiBall_Prototype_Video/target/classes/com/hiball/web/util/columns/Columns.class], file [/Users/bear059/Documents/DevSources/HiBall_Prototype_Video/target/classes/com/hiball/web/util/strongorweakutil/impl/BatterStrongOrWeakRankPoper.class], file [/Users/bear059/Documents/DevSources/HiBall_Prototype_Video/target/classes/com/hiball/web/util/strongorweakutil/impl/PitcherStrongOrWeakRankPoper.class], file [/Users/bear059/Documents/DevSources/HiBall_Prototype_Video/target/classes/com/hiball/web/util/strongorweakutil/AbstractStrongOrWeakRankPoper.class], file [/Users/bear059/Documents/DevSources/HiBall_Prototype_Video/target/classes/com/hiball/web/util/groupcalc/ColumnGroupCalculator.class], file [/Users/bear059/Documents/DevSources/HiBall_Prototype_Video/target/classes/com/hiball/web/util/StrongOrWeakOrderingComprator.class], file [/Users/bear059/Documents/DevSources/HiBall_Prototype_Video/target/classes/com/hiball/web/util/PitcherOrderingComparator.class], file [/Users/bear059/Documents/DevSources/HiBall_Prototype_Video/target/classes/com/hiball/web/util/megelist/MergeList.class], file [/Users/bear059/Documents/DevSources/HiBall_Prototype_Video/target/classes/com/hiball/web/common/handler/ColumnResultHandler.class], file [/Users/bear059/Documents/DevSources/HiBall_Prototype_Video/target/classes/com/hiball/web/common/handler/AbstractResultHandler.class], file [/Users/bear059/Documents/DevSources/HiBall_Prototype_Video/target/classes/com/hiball/web/common/excpeiton/HiBallException.class], file [/Users/bear059/Documents/DevSources/HiBall_Prototype_Video/target/classes/com/hiball/web/common/excpeiton/ReceivePropertyException.class], file [/Users/bear059/Documents/DevSources/HiBall_Prototype_Video/target/classes/com/hiball/web/common/excpeiton/HiBallErrorInfo.class], file [/Users/bear059/Documents/DevSources/HiBall_Prototype_Video/target/classes/com/hiball/web/common/excpeiton/resolver/HiBallExceptionResolver.class], file [/Users/bear059/Documents/DevSources/HiBall_Prototype_Video/target/classes/com/hiball/web/common/enums/SortingType.class], file [/Users/bear059/Documents/DevSources/HiBall_Prototype_Video/target/classes/com/hiball/web/common/enums/ColumnsEnum.class], file [/Users/bear059/Documents/DevSources/HiBall_Prototype_Video/target/classes/com/hiball/web/common/dao/impl/SystemConstantsDaoImpl.class], file [/Users/bear059/Documents/DevSources/HiBall_Prototype_Video/target/classes/com/hiball/web/common/dao/AbstractCommonAPIDao.class], file [/Users/bear059/Documents/DevSources/HiBall_Prototype_Video/target/classes/com/hiball/web/common/dao/SystemConstantsDao.class], file [/Users/bear059/Documents/DevSources/HiBall_Prototype_Video/target/classes/com/hiball/web/common/logic/AbstractLastedGameRecordLogic.class], file [/Users/bear059/Documents/DevSources/HiBall_Prototype_Video/target/classes/com/hiball/web/common/param/CommonParam.class], file [/Users/bear059/Documents/DevSources/HiBall_Prototype_Video/target/classes/com/hiball/web/common/param/SystemConstantsParam.class], file [/Users/bear059/Documents/DevSources/HiBall_Prototype_Video/target/classes/com/hiball/web/common/view/HiballMappingJsonView.class], file [/Users/bear059/Documents/DevSources/HiBall_Prototype_Video/target/classes/com/hiball/web/common/service/impl/SystemConstantsServiceImpl.class], file [/Users/bear059/Documents/DevSources/HiBall_Prototype_Video/target/classes/com/hiball/web/common/service/impl/APIIntegrationServiceImpl.class], file [/Users/bear059/Documents/DevSources/HiBall_Prototype_Video/target/classes/com/hiball/web/common/service/MultiRetrieveService.class], file [/Users/bear059/Documents/DevSources/HiBall_Prototype_Video/target/classes/com/hiball/web/common/service/APIIntegrationService.class], file [/Users/bear059/Documents/DevSources/HiBall_Prototype_Video/target/classes/com/hiball/web/common/service/SystemConstantsService.class], file [/Users/bear059/Documents/DevSources/HiBall_Prototype_Video/target/classes/com/hiball/web/common/service/AbstractServiceLogic.class], file [/Users/bear059/Documents/DevSources/HiBall_Prototype_Video/target/classes/com/hiball/web/common/service/AbstractCommonAPIService.class], file [/Users/bear059/Documents/DevSources/HiBall_Prototype_Video/target/classes/com/hiball/web/common/bind/DataBinder.class], file [/Users/bear059/Documents/DevSources/HiBall_Prototype_Video/target/classes/com/hiball/web/common/domain/CommonDomain.class], file [/Users/bear059/Documents/DevSources/HiBall_Prototype_Video/target/classes/com/hiball/web/common/domain/CommonRecordDomain.class], file [/Users/bear059/Documents/DevSources/HiBall_Prototype_Video/target/classes/com/hiball/web/common/intercepter/ApiIntercepter.class]]
[2019/06/30 15:18:31.674] &lt;Hiball_Video&gt; DEBUG o.s.c.a.ClassPathBeanDefinitionScanner - Identified candidate component class: file [/Users/bear059/Documents/DevSources/HiBall_Prototype_Video/target/classes/com/hiball/web/common/dao/impl/SystemConstantsDaoImpl.class]
[2019/06/30 15:18:31.677] &lt;Hiball_Video&gt; DEBUG o.s.c.a.ClassPathBeanDefinitionScanner - Identified candidate component class: file [/Users/bear059/Documents/DevSources/HiBall_Prototype_Video/target/classes/com/hiball/web/common/service/impl/SystemConstantsServiceImpl.class]
[2019/06/30 15:18:31.678] &lt;Hiball_Video&gt; DEBUG o.s.c.a.ClassPathBeanDefinitionScanner - Identified candidate component class: file [/Users/bear059/Documents/DevSources/HiBall_Prototype_Video/target/classes/com/hiball/web/common/service/impl/APIIntegrationServiceImpl.class]
[2019/06/30 15:18:31.680] &lt;Hiball_Video&gt; DEBUG o.s.c.a.ClassPathBeanDefinitionScanner - Identified candidate component class: file [/Users/bear059/Documents/DevSources/HiBall_Prototype_Video/target/classes/com/hiball/web/common/service/MultiRetrieveService.class]
[2019/06/30 15:18:31.693] &lt;Hiball_Video&gt; DEBUG o.s.c.i.s.PathMatchingResourcePatternResolver - Looking for matching resources in directory tree [/Users/bear059/Documents/DevSources/HiBall_Prototype_Video/target/classes/com/hiball/site]
[2019/06/30 15:18:31.693] &lt;Hiball_Video&gt; DEBUG o.s.c.i.s.PathMatchingResourcePatternResolver - Searching directory [/Users/bear059/Documents/DevSources/HiBall_Prototype_Video/target/classes/com/hiball/site] for files matching pattern [/Users/bear059/Documents/DevSources/HiBall_Prototype_Video/target/classes/com/hiball/site/**/**/*.class]
[2019/06/30 15:18:31.693] &lt;Hiball_Video&gt; DEBUG o.s.c.i.s.PathMatchingResourcePatternResolver - Searching directory [/Users/bear059/Documents/DevSources/HiBall_Prototype_Video/target/classes/com/hiball/site/controller] for files matching pattern [/Users/bear059/Documents/DevSources/HiBall_Prototype_Video/target/classes/com/hiball/site/**/**/*.class]
[2019/06/30 15:18:31.694] &lt;Hiball_Video&gt; DEBUG o.s.c.i.s.PathMatchingResourcePatternResolver - Searching directory [/Users/bear059/Documents/DevSources/HiBall_Prototype_Video/target/classes/com/hiball/site/domain] for files matching pattern [/Users/bear059/Documents/DevSources/HiBall_Prototype_Video/target/classes/com/hiball/site/**/**/*.class]
[2019/06/30 15:18:31.694] &lt;Hiball_Video&gt; DEBUG o.s.c.i.s.PathMatchingResourcePatternResolver - Resolved location pattern [classpath*:com/hiball/site/**/**/*.class] to resources [file [/Users/bear059/Documents/DevSources/HiBall_Prototype_Video/target/classes/com/hiball/site/controller/IndexController.class], file [/Users/bear059/Documents/DevSources/HiBall_Prototype_Video/target/classes/com/hiball/site/domain/IndexDomain.class]]
[2019/06/30 15:18:31.699] &lt;Hiball_Video&gt; DEBUG o.s.c.a.ClassPathBeanDefinitionScanner - Identified candidate component class: file [/Users/bear059/Documents/DevSources/HiBall_Prototype_Video/target/classes/com/hiball/site/controller/IndexController.class]
[2019/06/30 15:18:31.700] &lt;Hiball_Video&gt; DEBUG o.s.c.i.s.PathMatchingResourcePatternResolver - Looking for matching resources in directory tree [/Users/bear059/Documents/DevSources/HiBall_Prototype_Video/target/classes/com/hiball/api]
[2019/06/30 15:18:31.700] &lt;Hiball_Video&gt; DEBUG o.s.c.i.s.PathMatchingResourcePatternResolver - Searching directory [/Users/bear059/Documents/DevSources/HiBall_Prototype_Video/target/classes/com/hiball/api] for files matching pattern [/Users/bear059/Documents/DevSources/HiBall_Prototype_Video/target/classes/com/hiball/api/**/**/*.class]
[2019/06/30 15:18:31.700] &lt;Hiball_Video&gt; DEBUG o.s.c.i.s.PathMatchingResourcePatternResolver - Searching directory [/Users/bear059/Documents/DevSources/HiBall_Prototype_Video/target/classes/com/hiball/api/param] for files matching pattern [/Users/bear059/Documents/DevSources/HiBall_Prototype_Video/target/classes/com/hiball/api/**/**/*.class]
[2019/06/30 15:18:31.701] &lt;Hiball_Video&gt; DEBUG o.s.c.i.s.PathMatchingResourcePatternResolver - Searching directory [/Users/bear059/Documents/DevSources/HiBall_Prototype_Video/target/classes/com/hiball/api/controller] for files matching pattern [/Users/bear059/Documents/DevSources/HiBall_Prototype_Video/target/classes/com/hiball/api/**/**/*.class]
[2019/06/30 15:18:31.701] &lt;Hiball_Video&gt; DEBUG o.s.c.i.s.PathMatchingResourcePatternResolver - Searching directory [/Users/bear059/Documents/DevSources/HiBall_Prototype_Video/target/classes/com/hiball/api/domain] for files matching pattern [/Users/bear059/Documents/DevSources/HiBall_Prototype_Video/target/classes/com/hiball/api/**/**/*.class]
[2019/06/30 15:18:31.702] &lt;Hiball_Video&gt; DEBUG o.s.c.i.s.PathMatchingResourcePatternResolver - Searching directory [/Users/bear059/Documents/DevSources/HiBall_Prototype_Video/target/classes/com/hiball/api/services] for files matching pattern [/Users/bear059/Documents/DevSources/HiBall_Prototype_Video/target/classes/com/hiball/api/**/**/*.class]
[2019/06/30 15:18:31.703] &lt;Hiball_Video&gt; DEBUG o.s.c.i.s.PathMatchingResourcePatternResolver - Searching directory [/Users/bear059/Documents/DevSources/HiBall_Prototype_Video/target/classes/com/hiball/api/services/code] for files matching pattern [/Users/bear059/Documents/DevSources/HiBall_Prototype_Video/target/classes/com/hiball/api/**/**/*.class]
[2019/06/30 15:18:31.703] &lt;Hiball_Video&gt; DEBUG o.s.c.i.s.PathMatchingResourcePatternResolver - Searching directory [/Users/bear059/Documents/DevSources/HiBall_Prototype_Video/target/classes/com/hiball/api/services/code/dao] for files matching pattern [/Users/bear059/Documents/DevSources/HiBall_Prototype_Video/target/classes/com/hiball/api/**/**/*.class]
[2019/06/30 15:18:31.703] &lt;Hiball_Video&gt; DEBUG o.s.c.i.s.PathMatchingResourcePatternResolver - Searching directory [/Users/bear059/Documents/DevSources/HiBall_Prototype_Video/target/classes/com/hiball/api/services/code/dao/impl] for files matching pattern [/Users/bear059/Documents/DevSources/HiBall_Prototype_Video/target/classes/com/hiball/api/**/**/*.class]
[2019/06/30 15:18:31.704] &lt;Hiball_Video&gt; DEBUG o.s.c.i.s.PathMatchingResourcePatternResolver - Searching directory [/Users/bear059/Documents/DevSources/HiBall_Prototype_Video/target/classes/com/hiball/api/services/code/service] for files matching pattern [/Users/bear059/Documents/DevSources/HiBall_Prototype_Video/target/classes/com/hiball/api/**/**/*.class]
[2019/06/30 15:18:31.704] &lt;Hiball_Video&gt; DEBUG o.s.c.i.s.PathMatchingResourcePatternResolver - Searching directory [/Users/bear059/Documents/DevSources/HiBall_Prototype_Video/target/classes/com/hiball/api/services/code/service/impl] for files matching pattern [/Users/bear059/Documents/DevSources/HiBall_Prototype_Video/target/classes/com/hiball/api/**/**/*.class]
[2019/06/30 15:18:31.705] &lt;Hiball_Video&gt; DEBUG o.s.c.i.s.PathMatchingResourcePatternResolver - Searching directory [/Users/bear059/Documents/DevSources/HiBall_Prototype_Video/target/classes/com/hiball/api/services/game] for files matching pattern [/Users/bear059/Documents/DevSources/HiBall_Prototype_Video/target/classes/com/hiball/api/**/**/*.class]
[2019/06/30 15:18:31.705] &lt;Hiball_Video&gt; DEBUG o.s.c.i.s.PathMatchingResourcePatternResolver - Searching directory [/Users/bear059/Documents/DevSources/HiBall_Prototype_Video/target/classes/com/hiball/api/services/game/dao] for files matching pattern [/Users/bear059/Documents/DevSources/HiBall_Prototype_Video/target/classes/com/hiball/api/**/**/*.class]
[2019/06/30 15:18:31.705] &lt;Hiball_Video&gt; DEBUG o.s.c.i.s.PathMatchingResourcePatternResolver - Searching directory [/Users/bear059/Documents/DevSources/HiBall_Prototype_Video/target/classes/com/hiball/api/services/game/dao/impl] for files matching pattern [/Users/bear059/Documents/DevSources/HiBall_Prototype_Video/target/classes/com/hiball/api/**/**/*.class]
[2019/06/30 15:18:31.705] &lt;Hiball_Video&gt; DEBUG o.s.c.i.s.PathMatchingResourcePatternResolver - Searching directory [/Users/bear059/Documents/DevSources/HiBall_Prototype_Video/target/classes/com/hiball/api/services/game/service] for files matching pattern [/Users/bear059/Documents/DevSources/HiBall_Prototype_Video/target/classes/com/hiball/api/**/**/*.class]
[2019/06/30 15:18:31.706] &lt;Hiball_Video&gt; DEBUG o.s.c.i.s.PathMatchingResourcePatternResolver - Searching directory [/Users/bear059/Documents/DevSources/HiBall_Prototype_Video/target/classes/com/hiball/api/services/game/service/impl] for files matching pattern [/Users/bear059/Documents/DevSources/HiBall_Prototype_Video/target/classes/com/hiball/api/**/**/*.class]
[2019/06/30 15:18:31.707] &lt;Hiball_Video&gt; DEBUG o.s.c.i.s.PathMatchingResourcePatternResolver - Resolved location pattern [classpath*:com/hiball/api/**/**/*.class] to resources [file [/Users/bear059/Documents/DevSources/HiBall_Prototype_Video/target/classes/com/hiball/api/param/CodeParam.class], file [/Users/bear059/Documents/DevSources/HiBall_Prototype_Video/target/classes/com/hiball/api/param/GameScheduleParam.class], file [/Users/bear059/Documents/DevSources/HiBall_Prototype_Video/target/classes/com/hiball/api/controller/CallAPIController.class], file [/Users/bear059/Documents/DevSources/HiBall_Prototype_Video/target/classes/com/hiball/api/domain/GameStatistics.class], file [/Users/bear059/Documents/DevSources/HiBall_Prototype_Video/target/classes/com/hiball/api/domain/GameInfo.class], file [/Users/bear059/Documents/DevSources/HiBall_Prototype_Video/target/classes/com/hiball/api/domain/GameVideoRecord.class], file [/Users/bear059/Documents/DevSources/HiBall_Prototype_Video/target/classes/com/hiball/api/domain/CodeDomain.class], file [/Users/bear059/Documents/DevSources/HiBall_Prototype_Video/target/classes/com/hiball/api/domain/Member.class], file [/Users/bear059/Documents/DevSources/HiBall_Prototype_Video/target/classes/com/hiball/api/domain/VideoRecord.class], file [/Users/bear059/Documents/DevSources/HiBall_Prototype_Video/target/classes/com/hiball/api/domain/GameRecord.class], file [/Users/bear059/Documents/DevSources/HiBall_Prototype_Video/target/classes/com/hiball/api/domain/GamePatternRecord.class], file [/Users/bear059/Documents/DevSources/HiBall_Prototype_Video/target/classes/com/hiball/api/domain/PlayerInfo.class], file [/Users/bear059/Documents/DevSources/HiBall_Prototype_Video/target/classes/com/hiball/api/services/code/dao/impl/CodeDaoImpl.class], file [/Users/bear059/Documents/DevSources/HiBall_Prototype_Video/target/classes/com/hiball/api/services/code/dao/CodeDao.class], file [/Users/bear059/Documents/DevSources/HiBall_Prototype_Video/target/classes/com/hiball/api/services/code/service/impl/CodeServiceImpl.class], file [/Users/bear059/Documents/DevSources/HiBall_Prototype_Video/target/classes/com/hiball/api/services/code/service/CodeService.class], file [/Users/bear059/Documents/DevSources/HiBall_Prototype_Video/target/classes/com/hiball/api/services/game/dao/impl/GameScheduleDaoImpl.class], file [/Users/bear059/Documents/DevSources/HiBall_Prototype_Video/target/classes/com/hiball/api/services/game/dao/GameScheduleDao.class], file [/Users/bear059/Documents/DevSources/HiBall_Prototype_Video/target/classes/com/hiball/api/services/game/service/GameScheduleService.class], file [/Users/bear059/Documents/DevSources/HiBall_Prototype_Video/target/classes/com/hiball/api/services/game/service/impl/GameScheduleServiceImpl.class]]
[2019/06/30 15:18:31.710] &lt;Hiball_Video&gt; DEBUG o.s.c.a.ClassPathBeanDefinitionScanner - Identified candidate component class: file [/Users/bear059/Documents/DevSources/HiBall_Prototype_Video/target/classes/com/hiball/api/controller/CallAPIController.class]
[2019/06/30 15:18:31.714] &lt;Hiball_Video&gt; DEBUG o.s.c.a.ClassPathBeanDefinitionScanner - Identified candidate component class: file [/Users/bear059/Documents/DevSources/HiBall_Prototype_Video/target/classes/com/hiball/api/services/code/dao/impl/CodeDaoImpl.class]
[2019/06/30 15:18:31.716] &lt;Hiball_Video&gt; DEBUG o.s.c.a.ClassPathBeanDefinitionScanner - Identified candidate component class: file [/Users/bear059/Documents/DevSources/HiBall_Prototype_Video/target/classes/com/hiball/api/services/code/service/impl/CodeServiceImpl.class]
[2019/06/30 15:18:31.717] &lt;Hiball_Video&gt; DEBUG o.s.c.a.ClassPathBeanDefinitionScanner - Identified candidate component class: file [/Users/bear059/Documents/DevSources/HiBall_Prototype_Video/target/classes/com/hiball/api/services/game/dao/impl/GameScheduleDaoImpl.class]
[2019/06/30 15:18:31.718] &lt;Hiball_Video&gt; DEBUG o.s.c.a.ClassPathBeanDefinitionScanner - Identified candidate component class: file [/Users/bear059/Documents/DevSources/HiBall_Prototype_Video/target/classes/com/hiball/api/services/game/service/impl/GameScheduleServiceImpl.class]
[2019/06/30 15:18:31.737] &lt;Hiball_Video&gt; DEBUG o.s.b.f.x.BeanDefinitionParserDelegate - Neither XML &apos;id&apos; nor &apos;name&apos; specified - using generated bean name [org.springframework.web.servlet.view.BeanNameViewResolver#67d48005]
[2019/06/30 15:18:31.738] &lt;Hiball_Video&gt; DEBUG o.s.b.f.x.BeanDefinitionParserDelegate - Neither XML &apos;id&apos; nor &apos;name&apos; specified - using generated bean name [org.springframework.web.servlet.view.InternalResourceViewResolver#9f116cc]
[2019/06/30 15:18:31.739] &lt;Hiball_Video&gt; DEBUG o.s.b.f.x.BeanDefinitionParserDelegate - Neither XML &apos;id&apos; nor &apos;name&apos; specified - using generated bean name [org.springframework.web.servlet.view.ContentNegotiatingViewResolver#0]
[2019/06/30 15:18:31.742] &lt;Hiball_Video&gt; DEBUG o.s.b.f.x.BeanDefinitionParserDelegate - Neither XML &apos;id&apos; nor &apos;name&apos; specified - using generated bean name [com.hiball.web.common.intercepter.ApiIntercepter#0]
[2019/06/30 15:18:31.746] &lt;Hiball_Video&gt; DEBUG o.s.b.f.x.BeanDefinitionParserDelegate - Neither XML &apos;id&apos; nor &apos;name&apos; specified - using generated bean name [com.hiball.web.common.intercepter.ApiIntercepter#0]
[2019/06/30 15:18:31.747] &lt;Hiball_Video&gt; INFO  o.s.b.f.xml.XmlBeanDefinitionReader - Loading XML bean definitions from class path resource [config/context-mybatis.xml]
[2019/06/30 15:18:31.749] &lt;Hiball_Video&gt; DEBUG o.s.b.f.xml.DefaultDocumentLoader - Using JAXP provider [com.sun.org.apache.xerces.internal.jaxp.DocumentBuilderFactoryImpl]
[2019/06/30 15:18:31.751] &lt;Hiball_Video&gt; DEBUG o.s.b.f.xml.PluggableSchemaResolver - Found XML schema [http://www.springframework.org/schema/beans/spring-beans-3.1.xsd] in classpath: org/springframework/beans/factory/xml/spring-beans-3.1.xsd
[2019/06/30 15:18:31.797] &lt;Hiball_Video&gt; DEBUG o.s.b.f.xml.PluggableSchemaResolver - Found XML schema [http://www.springframework.org/schema/tx/spring-tx-3.1.xsd] in classpath: org/springframework/transaction/config/spring-tx-3.1.xsd
[2019/06/30 15:18:31.801] &lt;Hiball_Video&gt; DEBUG o.s.b.f.xml.PluggableSchemaResolver - Found XML schema [http://www.springframework.org/schema/tool/spring-tool-3.1.xsd] in classpath: org/springframework/beans/factory/xml/spring-tool-3.1.xsd
[2019/06/30 15:18:31.806] &lt;Hiball_Video&gt; DEBUG o.s.b.f.x.DefaultBeanDefinitionDocumentReader - Loading bean definitions
[2019/06/30 15:18:31.808] &lt;Hiball_Video&gt; DEBUG o.s.b.f.x.BeanDefinitionParserDelegate - Neither XML &apos;id&apos; nor &apos;name&apos; specified - using generated bean name [org.mybatis.spring.mapper.MapperScannerConfigurer#0]
[2019/06/30 15:18:31.841] &lt;Hiball_Video&gt; DEBUG o.s.b.f.xml.XmlBeanDefinitionReader - Loaded 10 bean definitions from location pattern [classpath:config/context-mybatis.xml]
[2019/06/30 15:18:31.842] &lt;Hiball_Video&gt; DEBUG o.s.b.f.x.DefaultBeanDefinitionDocumentReader - Imported 10 bean definitions from URL location [classpath:config/context-mybatis.xml]
[2019/06/30 15:18:31.843] &lt;Hiball_Video&gt; DEBUG o.s.b.f.xml.XmlBeanDefinitionReader - Loaded 47 bean definitions from location pattern [classpath:/config/spring-config-root.xml]
[2019/06/30 15:18:31.847] &lt;Hiball_Video&gt; INFO  o.s.c.s.GenericApplicationContext - Refreshing org.springframework.context.support.GenericApplicationContext@13c27452: startup date [Sun Jun 30 15:18:31 KST 2019]; root of context hierarchy
[2019/06/30 15:18:31.848] &lt;Hiball_Video&gt; DEBUG o.s.c.s.GenericApplicationContext - Bean factory for org.springframework.context.support.GenericApplicationContext@13c27452: org.springframework.beans.factory.support.DefaultListableBeanFactory@55183b20: defining beans [mvcContentNegotiationManager,org.springframework.web.servlet.mvc.method.annotation.RequestMappingHandlerMapping#0,org.springframework.format.support.FormattingConversionServiceFactoryBean#0,org.springframework.web.servlet.mvc.method.annotation.RequestMappingHandlerAdapter#0,mvcUriComponentsContributor,org.springframework.web.servlet.handler.MappedInterceptor#0,org.springframework.web.servlet.mvc.method.annotation.ExceptionHandlerExceptionResolver#0,org.springframework.web.servlet.mvc.annotation.ResponseStatusExceptionResolver#0,org.springframework.web.servlet.mvc.support.DefaultHandlerExceptionResolver#0,org.springframework.web.servlet.handler.BeanNameUrlHandlerMapping,org.springframework.web.servlet.mvc.HttpRequestHandlerAdapter,org.springframework.web.servlet.mvc.SimpleControllerHandlerAdapter,systemConstantsDao,systemConstantsService,apiIntgrationService,multiRetrieveService,indexController,callAPIController,codeDao,codeService,gameScheduleDao,gameScheduleService,org.springframework.context.annotation.internalConfigurationAnnotationProcessor,org.springframework.context.annotation.internalAutowiredAnnotationProcessor,org.springframework.context.annotation.internalRequiredAnnotationProcessor,org.springframework.context.annotation.internalCommonAnnotationProcessor,org.springframework.web.servlet.resource.ResourceHttpRequestHandler#0,org.springframework.web.servlet.handler.SimpleUrlHandlerMapping#0,org.springframework.web.servlet.resource.ResourceHttpRequestHandler#1,org.springframework.web.servlet.handler.SimpleUrlHandlerMapping#1,org.springframework.web.servlet.resource.ResourceHttpRequestHandler#2,org.springframework.web.servlet.handler.SimpleUrlHandlerMapping#2,org.springframework.web.servlet.view.ContentNegotiatingViewResolver#0,jsonTypeView,exceptionResolver,org.springframework.web.servlet.handler.MappedInterceptor#1,org.springframework.web.servlet.handler.MappedInterceptor#2,org.mybatis.spring.mapper.MapperScannerConfigurer#0,jdbcProp,dataSource,sqlSessionFactory,sqlSession,transactionManager,org.springframework.aop.config.internalAutoProxyCreator,org.springframework.transaction.annotation.AnnotationTransactionAttributeSource#0,org.springframework.transaction.interceptor.TransactionInterceptor#0,org.springframework.transaction.config.internalTransactionAdvisor]; root of factory hierarchy
[2019/06/30 15:18:31.889] &lt;Hiball_Video&gt; DEBUG o.s.b.f.s.DefaultListableBeanFactory - Creating shared instance of singleton bean &apos;org.springframework.context.annotation.internalConfigurationAnnotationProcessor&apos;
[2019/06/30 15:18:31.890] &lt;Hiball_Video&gt; DEBUG o.s.b.f.s.DefaultListableBeanFactory - Creating instance of bean &apos;org.springframework.context.annotation.internalConfigurationAnnotationProcessor&apos;
[2019/06/30 15:18:31.908] &lt;Hiball_Video&gt; DEBUG o.s.b.f.s.DefaultListableBeanFactory - Eagerly caching bean &apos;org.springframework.context.annotation.internalConfigurationAnnotationProcessor&apos; to allow for resolving potential circular references
[2019/06/30 15:18:31.911] &lt;Hiball_Video&gt; DEBUG o.s.b.f.s.DefaultListableBeanFactory - Finished creating instance of bean &apos;org.springframework.context.annotation.internalConfigurationAnnotationProcessor&apos;
[2019/06/30 15:18:32.027] &lt;Hiball_Video&gt; DEBUG o.s.b.f.s.DefaultListableBeanFactory - Creating shared instance of singleton bean &apos;org.mybatis.spring.mapper.MapperScannerConfigurer#0&apos;
[2019/06/30 15:18:32.027] &lt;Hiball_Video&gt; DEBUG o.s.b.f.s.DefaultListableBeanFactory - Creating instance of bean &apos;org.mybatis.spring.mapper.MapperScannerConfigurer#0&apos;
[2019/06/30 15:18:32.028] &lt;Hiball_Video&gt; DEBUG o.s.b.f.s.DefaultListableBeanFactory - Eagerly caching bean &apos;org.mybatis.spring.mapper.MapperScannerConfigurer#0&apos; to allow for resolving potential circular references
[2019/06/30 15:18:32.059] &lt;Hiball_Video&gt; DEBUG o.s.b.f.s.DefaultListableBeanFactory - Invoking afterPropertiesSet() on bean with name &apos;org.mybatis.spring.mapper.MapperScannerConfigurer#0&apos;
[2019/06/30 15:18:32.062] &lt;Hiball_Video&gt; DEBUG o.s.b.f.s.DefaultListableBeanFactory - Finished creating instance of bean &apos;org.mybatis.spring.mapper.MapperScannerConfigurer#0&apos;
[2019/06/30 15:18:32.065] &lt;Hiball_Video&gt; DEBUG o.s.core.env.StandardEnvironment - Initializing new StandardEnvironment
[2019/06/30 15:18:32.065] &lt;Hiball_Video&gt; DEBUG o.s.core.env.StandardEnvironment - Adding [systemProperties] PropertySource with lowest search precedence
[2019/06/30 15:18:32.066] &lt;Hiball_Video&gt; DEBUG o.s.core.env.StandardEnvironment - Adding [systemEnvironment] PropertySource with lowest search precedence
[2019/06/30 15:18:32.066] &lt;Hiball_Video&gt; DEBUG o.s.core.env.StandardEnvironment - Initialized StandardEnvironment with PropertySources [systemProperties,systemEnvironment]
[2019/06/30 15:18:32.069] &lt;Hiball_Video&gt; DEBUG o.s.c.i.s.PathMatchingResourcePatternResolver - Resolved location pattern [classpath*:classpath:sqlMap/**/*.class] to resources []
[2019/06/30 15:18:32.069] &lt;Hiball_Video&gt; WARN  o.m.s.m.MapperScannerConfigurer$Scanner - No MyBatis mapper was found in &apos;classpath:sqlMap&apos; package. Please check your configuration.
[2019/06/30 15:18:32.075] &lt;Hiball_Video&gt; DEBUG o.s.b.f.s.DefaultListableBeanFactory - Creating shared instance of singleton bean &apos;jdbcProp&apos;
[2019/06/30 15:18:32.075] &lt;Hiball_Video&gt; DEBUG o.s.b.f.s.DefaultListableBeanFactory - Creating instance of bean &apos;jdbcProp&apos;
[2019/06/30 15:18:32.077] &lt;Hiball_Video&gt; DEBUG o.s.b.f.s.DefaultListableBeanFactory - Eagerly caching bean &apos;jdbcProp&apos; to allow for resolving potential circular references
[2019/06/30 15:18:32.087] &lt;Hiball_Video&gt; DEBUG o.s.b.f.s.DefaultListableBeanFactory - Finished creating instance of bean &apos;jdbcProp&apos;
[2019/06/30 15:18:32.088] &lt;Hiball_Video&gt; INFO  o.s.b.f.c.PropertyPlaceholderConfigurer - Loading properties file from class path resource [jdbc.properties]
[2019/06/30 15:18:32.097] &lt;Hiball_Video&gt; DEBUG o.s.b.f.s.DefaultListableBeanFactory - Creating shared instance of singleton bean &apos;org.springframework.context.annotation.internalAutowiredAnnotationProcessor&apos;
[2019/06/30 15:18:32.098] &lt;Hiball_Video&gt; DEBUG o.s.b.f.s.DefaultListableBeanFactory - Creating instance of bean &apos;org.springframework.context.annotation.internalAutowiredAnnotationProcessor&apos;
[2019/06/30 15:18:32.100] &lt;Hiball_Video&gt; DEBUG o.s.b.f.s.DefaultListableBeanFactory - Eagerly caching bean &apos;org.springframework.context.annotation.internalAutowiredAnnotationProcessor&apos; to allow for resolving potential circular references
[2019/06/30 15:18:32.100] &lt;Hiball_Video&gt; DEBUG o.s.b.f.s.DefaultListableBeanFactory - Finished creating instance of bean &apos;org.springframework.context.annotation.internalAutowiredAnnotationProcessor&apos;
[2019/06/30 15:18:32.101] &lt;Hiball_Video&gt; DEBUG o.s.b.f.s.DefaultListableBeanFactory - Creating shared instance of singleton bean &apos;org.springframework.context.annotation.internalRequiredAnnotationProcessor&apos;
[2019/06/30 15:18:32.101] &lt;Hiball_Video&gt; DEBUG o.s.b.f.s.DefaultListableBeanFactory - Creating instance of bean &apos;org.springframework.context.annotation.internalRequiredAnnotationProcessor&apos;
[2019/06/30 15:18:32.102] &lt;Hiball_Video&gt; DEBUG o.s.b.f.s.DefaultListableBeanFactory - Eagerly caching bean &apos;org.springframework.context.annotation.internalRequiredAnnotationProcessor&apos; to allow for resolving potential circular references
[2019/06/30 15:18:32.102] &lt;Hiball_Video&gt; DEBUG o.s.b.f.s.DefaultListableBeanFactory - Finished creating instance of bean &apos;org.springframework.context.annotation.internalRequiredAnnotationProcessor&apos;
[2019/06/30 15:18:32.102] &lt;Hiball_Video&gt; DEBUG o.s.b.f.s.DefaultListableBeanFactory - Creating shared instance of singleton bean &apos;org.springframework.context.annotation.internalCommonAnnotationProcessor&apos;
[2019/06/30 15:18:32.102] &lt;Hiball_Video&gt; DEBUG o.s.b.f.s.DefaultListableBeanFactory - Creating instance of bean &apos;org.springframework.context.annotation.internalCommonAnnotationProcessor&apos;
[2019/06/30 15:18:32.108] &lt;Hiball_Video&gt; DEBUG o.s.b.f.s.DefaultListableBeanFactory - Eagerly caching bean &apos;org.springframework.context.annotation.internalCommonAnnotationProcessor&apos; to allow for resolving potential circular references
[2019/06/30 15:18:32.108] &lt;Hiball_Video&gt; DEBUG o.s.b.f.s.DefaultListableBeanFactory - Finished creating instance of bean &apos;org.springframework.context.annotation.internalCommonAnnotationProcessor&apos;
[2019/06/30 15:18:32.108] &lt;Hiball_Video&gt; DEBUG o.s.b.f.s.DefaultListableBeanFactory - Creating shared instance of singleton bean &apos;org.springframework.context.annotation.ConfigurationClassPostProcessor.importAwareProcessor&apos;
[2019/06/30 15:18:32.109] &lt;Hiball_Video&gt; DEBUG o.s.b.f.s.DefaultListableBeanFactory - Creating instance of bean &apos;org.springframework.context.annotation.ConfigurationClassPostProcessor.importAwareProcessor&apos;
[2019/06/30 15:18:32.109] &lt;Hiball_Video&gt; DEBUG o.s.b.f.s.DefaultListableBeanFactory - Eagerly caching bean &apos;org.springframework.context.annotation.ConfigurationClassPostProcessor.importAwareProcessor&apos; to allow for resolving potential circular references
[2019/06/30 15:18:32.109] &lt;Hiball_Video&gt; DEBUG o.s.b.f.s.DefaultListableBeanFactory - Finished creating instance of bean &apos;org.springframework.context.annotation.ConfigurationClassPostProcessor.importAwareProcessor&apos;
[2019/06/30 15:18:32.110] &lt;Hiball_Video&gt; DEBUG o.s.b.f.s.DefaultListableBeanFactory - Creating shared instance of singleton bean &apos;org.springframework.context.annotation.ConfigurationClassPostProcessor.enhancedConfigurationProcessor&apos;
[2019/06/30 15:18:32.110] &lt;Hiball_Video&gt; DEBUG o.s.b.f.s.DefaultListableBeanFactory - Creating instance of bean &apos;org.springframework.context.annotation.ConfigurationClassPostProcessor.enhancedConfigurationProcessor&apos;
[2019/06/30 15:18:32.110] &lt;Hiball_Video&gt; DEBUG o.s.b.f.s.DefaultListableBeanFactory - Eagerly caching bean &apos;org.springframework.context.annotation.ConfigurationClassPostProcessor.enhancedConfigurationProcessor&apos; to allow for resolving potential circular references
[2019/06/30 15:18:32.110] &lt;Hiball_Video&gt; DEBUG o.s.b.f.s.DefaultListableBeanFactory - Finished creating instance of bean &apos;org.springframework.context.annotation.ConfigurationClassPostProcessor.enhancedConfigurationProcessor&apos;
[2019/06/30 15:18:32.111] &lt;Hiball_Video&gt; DEBUG o.s.b.f.s.DefaultListableBeanFactory - Creating shared instance of singleton bean &apos;org.springframework.aop.config.internalAutoProxyCreator&apos;
[2019/06/30 15:18:32.111] &lt;Hiball_Video&gt; DEBUG o.s.b.f.s.DefaultListableBeanFactory - Creating instance of bean &apos;org.springframework.aop.config.internalAutoProxyCreator&apos;
[2019/06/30 15:18:32.123] &lt;Hiball_Video&gt; DEBUG o.s.b.f.s.DefaultListableBeanFactory - Eagerly caching bean &apos;org.springframework.aop.config.internalAutoProxyCreator&apos; to allow for resolving potential circular references
[2019/06/30 15:18:32.142] &lt;Hiball_Video&gt; DEBUG o.s.b.f.s.DefaultListableBeanFactory - Finished creating instance of bean &apos;org.springframework.aop.config.internalAutoProxyCreator&apos;
[2019/06/30 15:18:32.176] &lt;Hiball_Video&gt; DEBUG o.s.c.s.GenericApplicationContext - Unable to locate MessageSource with name &apos;messageSource&apos;: using default [org.springframework.context.support.DelegatingMessageSource@7fee8714]
[2019/06/30 15:18:32.179] &lt;Hiball_Video&gt; DEBUG o.s.c.s.GenericApplicationContext - Unable to locate ApplicationEventMulticaster with name &apos;applicationEventMulticaster&apos;: using default [org.springframework.context.event.SimpleApplicationEventMulticaster@47987356]
[2019/06/30 15:18:32.194] &lt;Hiball_Video&gt; DEBUG o.s.b.f.s.DefaultListableBeanFactory - Pre-instantiating singletons in org.springframework.beans.factory.support.DefaultListableBeanFactory@55183b20: defining beans [mvcContentNegotiationManager,org.springframework.web.servlet.mvc.method.annotation.RequestMappingHandlerMapping#0,org.springframework.format.support.FormattingConversionServiceFactoryBean#0,org.springframework.web.servlet.mvc.method.annotation.RequestMappingHandlerAdapter#0,mvcUriComponentsContributor,org.springframework.web.servlet.handler.MappedInterceptor#0,org.springframework.web.servlet.mvc.method.annotation.ExceptionHandlerExceptionResolver#0,org.springframework.web.servlet.mvc.annotation.ResponseStatusExceptionResolver#0,org.springframework.web.servlet.mvc.support.DefaultHandlerExceptionResolver#0,org.springframework.web.servlet.handler.BeanNameUrlHandlerMapping,org.springframework.web.servlet.mvc.HttpRequestHandlerAdapter,org.springframework.web.servlet.mvc.SimpleControllerHandlerAdapter,systemConstantsDao,systemConstantsService,apiIntgrationService,multiRetrieveService,indexController,callAPIController,codeDao,codeService,gameScheduleDao,gameScheduleService,org.springframework.context.annotation.internalConfigurationAnnotationProcessor,org.springframework.context.annotation.internalAutowiredAnnotationProcessor,org.springframework.context.annotation.internalRequiredAnnotationProcessor,org.springframework.context.annotation.internalCommonAnnotationProcessor,org.springframework.web.servlet.resource.ResourceHttpRequestHandler#0,org.springframework.web.servlet.handler.SimpleUrlHandlerMapping#0,org.springframework.web.servlet.resource.ResourceHttpRequestHandler#1,org.springframework.web.servlet.handler.SimpleUrlHandlerMapping#1,org.springframework.web.servlet.resource.ResourceHttpRequestHandler#2,org.springframework.web.servlet.handler.SimpleUrlHandlerMapping#2,org.springframework.web.servlet.view.ContentNegotiatingViewResolver#0,jsonTypeView,exceptionResolver,org.springframework.web.servlet.handler.MappedInterceptor#1,org.springframework.web.servlet.handler.MappedInterceptor#2,org.mybatis.spring.mapper.MapperScannerConfigurer#0,jdbcProp,dataSource,sqlSessionFactory,sqlSession,transactionManager,org.springframework.aop.config.internalAutoProxyCreator,org.springframework.transaction.annotation.AnnotationTransactionAttributeSource#0,org.springframework.transaction.interceptor.TransactionInterceptor#0,org.springframework.transaction.config.internalTransactionAdvisor,org.springframework.context.annotation.ConfigurationClassPostProcessor.importAwareProcessor,org.springframework.context.annotation.ConfigurationClassPostProcessor.enhancedConfigurationProcessor]; root of factory hierarchy
[2019/06/30 15:18:32.194] &lt;Hiball_Video&gt; DEBUG o.s.b.f.s.DefaultListableBeanFactory - Creating shared instance of singleton bean &apos;mvcContentNegotiationManager&apos;
[2019/06/30 15:18:32.195] &lt;Hiball_Video&gt; DEBUG o.s.b.f.s.DefaultListableBeanFactory - Creating instance of bean &apos;mvcContentNegotiationManager&apos;
[2019/06/30 15:18:32.197] &lt;Hiball_Video&gt; DEBUG o.s.b.f.s.DefaultListableBeanFactory - Eagerly caching bean &apos;mvcContentNegotiationManager&apos; to allow for resolving potential circular references
[2019/06/30 15:18:32.217] &lt;Hiball_Video&gt; DEBUG o.s.b.f.s.DefaultListableBeanFactory - Invoking afterPropertiesSet() on bean with name &apos;mvcContentNegotiationManager&apos;
[2019/06/30 15:18:32.225] &lt;Hiball_Video&gt; DEBUG o.s.b.f.s.DefaultListableBeanFactory - Creating shared instance of singleton bean &apos;org.springframework.transaction.config.internalTransactionAdvisor&apos;
[2019/06/30 15:18:32.225] &lt;Hiball_Video&gt; DEBUG o.s.b.f.s.DefaultListableBeanFactory - Creating instance of bean &apos;org.springframework.transaction.config.internalTransactionAdvisor&apos;
[2019/06/30 15:18:32.227] &lt;Hiball_Video&gt; DEBUG o.s.b.f.s.DefaultListableBeanFactory - Eagerly caching bean &apos;org.springframework.transaction.config.internalTransactionAdvisor&apos; to allow for resolving potential circular references
[2019/06/30 15:18:32.237] &lt;Hiball_Video&gt; DEBUG o.s.b.f.s.DefaultListableBeanFactory - Creating shared instance of singleton bean &apos;org.springframework.transaction.annotation.AnnotationTransactionAttributeSource#0&apos;
[2019/06/30 15:18:32.237] &lt;Hiball_Video&gt; DEBUG o.s.b.f.s.DefaultListableBeanFactory - Creating instance of bean &apos;org.springframework.transaction.annotation.AnnotationTransactionAttributeSource#0&apos;
[2019/06/30 15:18:32.238] &lt;Hiball_Video&gt; DEBUG o.s.b.f.s.DefaultListableBeanFactory - Eagerly caching bean &apos;org.springframework.transaction.annotation.AnnotationTransactionAttributeSource#0&apos; to allow for resolving potential circular references
[2019/06/30 15:18:32.245] &lt;Hiball_Video&gt; DEBUG o.s.a.f.a.BeanFactoryAdvisorRetrievalHelper - Skipping currently created advisor &apos;org.springframework.transaction.config.internalTransactionAdvisor&apos;
[2019/06/30 15:18:32.248] &lt;Hiball_Video&gt; DEBUG o.s.b.f.s.DefaultListableBeanFactory - Finished creating instance of bean &apos;org.springframework.transaction.annotation.AnnotationTransactionAttributeSource#0&apos;
[2019/06/30 15:18:32.250] &lt;Hiball_Video&gt; DEBUG o.s.b.f.s.DefaultListableBeanFactory - Finished creating instance of bean &apos;org.springframework.transaction.config.internalTransactionAdvisor&apos;
[2019/06/30 15:18:32.253] &lt;Hiball_Video&gt; DEBUG o.s.b.f.s.DefaultListableBeanFactory - Finished creating instance of bean &apos;mvcContentNegotiationManager&apos;
[2019/06/30 15:18:32.254] &lt;Hiball_Video&gt; DEBUG o.s.b.f.s.DefaultListableBeanFactory - Creating shared instance of singleton bean &apos;org.springframework.web.servlet.mvc.method.annotation.RequestMappingHandlerMapping#0&apos;
[2019/06/30 15:18:32.254] &lt;Hiball_Video&gt; DEBUG o.s.b.f.s.DefaultListableBeanFactory - Creating instance of bean &apos;org.springframework.web.servlet.mvc.method.annotation.RequestMappingHandlerMapping#0&apos;
[2019/06/30 15:18:32.264] &lt;Hiball_Video&gt; DEBUG o.s.b.f.s.DefaultListableBeanFactory - Eagerly caching bean &apos;org.springframework.web.servlet.mvc.method.annotation.RequestMappingHandlerMapping#0&apos; to allow for resolving potential circular references
[2019/06/30 15:18:32.276] &lt;Hiball_Video&gt; DEBUG o.s.b.f.s.DefaultListableBeanFactory - Returning cached instance of singleton bean &apos;mvcContentNegotiationManager&apos;
[2019/06/30 15:18:32.277] &lt;Hiball_Video&gt; DEBUG o.s.b.f.s.DefaultListableBeanFactory - Returning cached instance of singleton bean &apos;org.springframework.transaction.config.internalTransactionAdvisor&apos;
[2019/06/30 15:18:32.280] &lt;Hiball_Video&gt; DEBUG o.s.b.f.s.DefaultListableBeanFactory - Creating shared instance of singleton bean &apos;org.springframework.web.servlet.handler.MappedInterceptor#0&apos;
[2019/06/30 15:18:32.280] &lt;Hiball_Video&gt; DEBUG o.s.b.f.s.DefaultListableBeanFactory - Creating instance of bean &apos;org.springframework.web.servlet.handler.MappedInterceptor#0&apos;
[2019/06/30 15:18:32.285] &lt;Hiball_Video&gt; DEBUG o.s.b.f.s.DefaultListableBeanFactory - Creating instance of bean &apos;(inner bean)&apos;
[2019/06/30 15:18:32.286] &lt;Hiball_Video&gt; DEBUG o.s.b.f.s.DefaultListableBeanFactory - Creating shared instance of singleton bean &apos;org.springframework.format.support.FormattingConversionServiceFactoryBean#0&apos;
[2019/06/30 15:18:32.287] &lt;Hiball_Video&gt; DEBUG o.s.b.f.s.DefaultListableBeanFactory - Creating instance of bean &apos;org.springframework.format.support.FormattingConversionServiceFactoryBean#0&apos;
[2019/06/30 15:18:32.298] &lt;Hiball_Video&gt; DEBUG o.s.b.f.s.DefaultListableBeanFactory - Eagerly caching bean &apos;org.springframework.format.support.FormattingConversionServiceFactoryBean#0&apos; to allow for resolving potential circular references
[2019/06/30 15:18:32.302] &lt;Hiball_Video&gt; DEBUG o.s.b.f.s.DefaultListableBeanFactory - Invoking afterPropertiesSet() on bean with name &apos;org.springframework.format.support.FormattingConversionServiceFactoryBean#0&apos;
[2019/06/30 15:18:32.464] &lt;Hiball_Video&gt; DEBUG o.s.b.f.s.DefaultListableBeanFactory - Returning cached instance of singleton bean &apos;org.springframework.transaction.config.internalTransactionAdvisor&apos;
[2019/06/30 15:18:32.467] &lt;Hiball_Video&gt; DEBUG o.s.b.f.s.DefaultListableBeanFactory - Finished creating instance of bean &apos;org.springframework.format.support.FormattingConversionServiceFactoryBean#0&apos;
[2019/06/30 15:18:32.468] &lt;Hiball_Video&gt; DEBUG o.s.b.f.s.DefaultListableBeanFactory - Returning cached instance of singleton bean &apos;org.springframework.transaction.config.internalTransactionAdvisor&apos;
[2019/06/30 15:18:32.478] &lt;Hiball_Video&gt; DEBUG o.s.b.f.s.DefaultListableBeanFactory - Returning cached instance of singleton bean &apos;org.springframework.transaction.config.internalTransactionAdvisor&apos;
[2019/06/30 15:18:32.480] &lt;Hiball_Video&gt; DEBUG o.s.b.f.s.DefaultListableBeanFactory - Finished creating instance of bean &apos;(inner bean)&apos;
[2019/06/30 15:18:32.496] &lt;Hiball_Video&gt; DEBUG org.springframework.beans.BeanUtils - No property editor [org.springframework.web.context.request.WebRequestInterceptorEditor] found for type org.springframework.web.context.request.WebRequestInterceptor according to &apos;Editor&apos; suffix convention
[2019/06/30 15:18:32.496] &lt;Hiball_Video&gt; DEBUG o.s.b.f.s.DefaultListableBeanFactory - Eagerly caching bean &apos;org.springframework.web.servlet.handler.MappedInterceptor#0&apos; to allow for resolving potential circular references
[2019/06/30 15:18:32.499] &lt;Hiball_Video&gt; DEBUG o.s.b.f.s.DefaultListableBeanFactory - Returning cached instance of singleton bean &apos;org.springframework.transaction.config.internalTransactionAdvisor&apos;
[2019/06/30 15:18:32.499] &lt;Hiball_Video&gt; DEBUG o.s.b.f.s.DefaultListableBeanFactory - Finished creating instance of bean &apos;org.springframework.web.servlet.handler.MappedInterceptor#0&apos;
[2019/06/30 15:18:32.500] &lt;Hiball_Video&gt; DEBUG o.s.b.f.s.DefaultListableBeanFactory - Creating shared instance of singleton bean &apos;org.springframework.web.servlet.handler.MappedInterceptor#1&apos;
[2019/06/30 15:18:32.500] &lt;Hiball_Video&gt; DEBUG o.s.b.f.s.DefaultListableBeanFactory - Creating instance of bean &apos;org.springframework.web.servlet.handler.MappedInterceptor#1&apos;
[2019/06/30 15:18:32.501] &lt;Hiball_Video&gt; DEBUG o.s.b.f.s.DefaultListableBeanFactory - Creating instance of bean &apos;com.hiball.web.common.intercepter.ApiIntercepter#0&apos;
[2019/06/30 15:18:32.504] &lt;Hiball_Video&gt; DEBUG o.s.b.f.s.DefaultListableBeanFactory - Returning cached instance of singleton bean &apos;org.springframework.transaction.config.internalTransactionAdvisor&apos;
[2019/06/30 15:18:32.505] &lt;Hiball_Video&gt; DEBUG o.s.b.f.s.DefaultListableBeanFactory - Finished creating instance of bean &apos;com.hiball.web.common.intercepter.ApiIntercepter#0&apos;
[2019/06/30 15:18:32.506] &lt;Hiball_Video&gt; DEBUG o.s.b.f.s.DefaultListableBeanFactory - Eagerly caching bean &apos;org.springframework.web.servlet.handler.MappedInterceptor#1&apos; to allow for resolving potential circular references
[2019/06/30 15:18:32.506] &lt;Hiball_Video&gt; DEBUG o.s.b.f.s.DefaultListableBeanFactory - Returning cached instance of singleton bean &apos;org.springframework.transaction.config.internalTransactionAdvisor&apos;
[2019/06/30 15:18:32.507] &lt;Hiball_Video&gt; DEBUG o.s.b.f.s.DefaultListableBeanFactory - Finished creating instance of bean &apos;org.springframework.web.servlet.handler.MappedInterceptor#1&apos;
[2019/06/30 15:18:32.507] &lt;Hiball_Video&gt; DEBUG o.s.b.f.s.DefaultListableBeanFactory - Creating shared instance of singleton bean &apos;org.springframework.web.servlet.handler.MappedInterceptor#2&apos;
[2019/06/30 15:18:32.507] &lt;Hiball_Video&gt; DEBUG o.s.b.f.s.DefaultListableBeanFactory - Creating instance of bean &apos;org.springframework.web.servlet.handler.MappedInterceptor#2&apos;
[2019/06/30 15:18:32.508] &lt;Hiball_Video&gt; DEBUG o.s.b.f.s.DefaultListableBeanFactory - Creating instance of bean &apos;com.hiball.web.common.intercepter.ApiIntercepter#0#1&apos;
[2019/06/30 15:18:32.508] &lt;Hiball_Video&gt; DEBUG o.s.b.f.s.DefaultListableBeanFactory - Returning cached instance of singleton bean &apos;org.springframework.transaction.config.internalTransactionAdvisor&apos;
[2019/06/30 15:18:32.509] &lt;Hiball_Video&gt; DEBUG o.s.b.f.s.DefaultListableBeanFactory - Finished creating instance of bean &apos;com.hiball.web.common.intercepter.ApiIntercepter#0#1&apos;
[2019/06/30 15:18:32.509] &lt;Hiball_Video&gt; DEBUG o.s.b.f.s.DefaultListableBeanFactory - Eagerly caching bean &apos;org.springframework.web.servlet.handler.MappedInterceptor#2&apos; to allow for resolving potential circular references
[2019/06/30 15:18:32.510] &lt;Hiball_Video&gt; DEBUG o.s.b.f.s.DefaultListableBeanFactory - Returning cached instance of singleton bean &apos;org.springframework.transaction.config.internalTransactionAdvisor&apos;
[2019/06/30 15:18:32.510] &lt;Hiball_Video&gt; DEBUG o.s.b.f.s.DefaultListableBeanFactory - Finished creating instance of bean &apos;org.springframework.web.servlet.handler.MappedInterceptor#2&apos;
[2019/06/30 15:18:32.510] &lt;Hiball_Video&gt; DEBUG o.s.b.f.s.DefaultListableBeanFactory - Invoking afterPropertiesSet() on bean with name &apos;org.springframework.web.servlet.mvc.method.annotation.RequestMappingHandlerMapping#0&apos;
[2019/06/30 15:18:32.510] &lt;Hiball_Video&gt; DEBUG o.s.w.s.m.m.a.RequestMappingHandlerMapping - Looking for request mappings in application context: org.springframework.context.support.GenericApplicationContext@13c27452: startup date [Sun Jun 30 15:18:31 KST 2019]; root of context hierarchy
[2019/06/30 15:18:32.517] &lt;Hiball_Video&gt; DEBUG org.apache.ibatis.logging.LogFactory - Logging initialized using &apos;class org.apache.ibatis.logging.slf4j.Slf4jImpl&apos; adapter.
[2019/06/30 15:18:32.549] &lt;Hiball_Video&gt; INFO  o.s.w.s.m.m.a.RequestMappingHandlerMapping - Mapped &quot;{[/],methods=[GET],params=[],headers=[],consumes=[],produces=[],custom=[]}&quot; onto public org.springframework.web.servlet.ModelAndView com.hiball.site.controller.IndexController.index(javax.servlet.http.HttpServletRequest)
[2019/06/30 15:18:32.550] &lt;Hiball_Video&gt; INFO  o.s.w.s.m.m.a.RequestMappingHandlerMapping - Mapped &quot;{[/videoList],methods=[GET],params=[],headers=[],consumes=[],produces=[],custom=[]}&quot; onto public org.springframework.web.servlet.ModelAndView com.hiball.site.controller.IndexController.videoList(javax.servlet.http.HttpServletRequest)
[2019/06/30 15:18:32.551] &lt;Hiball_Video&gt; INFO  o.s.w.s.m.m.a.RequestMappingHandlerMapping - Mapped &quot;{[/apiMultiCall.do],methods=[POST],params=[],headers=[],consumes=[],produces=[],custom=[]}&quot; onto public org.springframework.web.servlet.ModelAndView com.hiball.api.controller.CallAPIController.callMultiAPI(javax.servlet.http.HttpServletRequest) throws com.hiball.web.common.excpeiton.HiBallException
[2019/06/30 15:18:32.552] &lt;Hiball_Video&gt; INFO  o.s.w.s.m.m.a.RequestMappingHandlerMapping - Mapped &quot;{[/serviceAPICall.do],methods=[POST],params=[],headers=[],consumes=[],produces=[],custom=[]}&quot; onto public org.springframework.web.servlet.ModelAndView com.hiball.api.controller.CallAPIController.callServiceAPI(javax.servlet.http.HttpServletRequest) throws com.hiball.web.common.excpeiton.HiBallException
[2019/06/30 15:18:32.553] &lt;Hiball_Video&gt; DEBUG o.s.b.f.s.DefaultListableBeanFactory - Returning cached instance of singleton bean &apos;org.springframework.transaction.config.internalTransactionAdvisor&apos;
[2019/06/30 15:18:32.554] &lt;Hiball_Video&gt; DEBUG o.s.b.f.s.DefaultListableBeanFactory - Finished creating instance of bean &apos;org.springframework.web.servlet.mvc.method.annotation.RequestMappingHandlerMapping#0&apos;
[2019/06/30 15:18:32.555] &lt;Hiball_Video&gt; DEBUG o.s.b.f.s.DefaultListableBeanFactory - Returning cached instance of singleton bean &apos;org.springframework.format.support.FormattingConversionServiceFactoryBean#0&apos;
[2019/06/30 15:18:32.555] &lt;Hiball_Video&gt; DEBUG o.s.b.f.s.DefaultListableBeanFactory - Creating shared instance of singleton bean &apos;org.springframework.web.servlet.mvc.method.annotation.RequestMappingHandlerAdapter#0&apos;
[2019/06/30 15:18:32.555] &lt;Hiball_Video&gt; DEBUG o.s.b.f.s.DefaultListableBeanFactory - Creating instance of bean &apos;org.springframework.web.servlet.mvc.method.annotation.RequestMappingHandlerAdapter#0&apos;
[2019/06/30 15:18:32.855] &lt;Hiball_Video&gt; DEBUG o.s.b.f.s.DefaultListableBeanFactory - Eagerly caching bean &apos;org.springframework.web.servlet.mvc.method.annotation.RequestMappingHandlerAdapter#0&apos; to allow for resolving potential circular references
[2019/06/30 15:18:32.866] &lt;Hiball_Video&gt; DEBUG o.s.b.f.s.DefaultListableBeanFactory - Returning cached instance of singleton bean &apos;mvcContentNegotiationManager&apos;
[2019/06/30 15:18:32.867] &lt;Hiball_Video&gt; DEBUG o.s.b.f.s.DefaultListableBeanFactory - Creating instance of bean &apos;(inner bean)#1&apos;
[2019/06/30 15:18:32.871] &lt;Hiball_Video&gt; DEBUG o.s.b.f.s.DefaultListableBeanFactory - Returning cached instance of singleton bean &apos;org.springframework.format.support.FormattingConversionServiceFactoryBean#0&apos;
[2019/06/30 15:18:32.872] &lt;Hiball_Video&gt; DEBUG o.s.b.f.s.DefaultListableBeanFactory - Returning cached instance of singleton bean &apos;org.springframework.transaction.config.internalTransactionAdvisor&apos;
[2019/06/30 15:18:32.873] &lt;Hiball_Video&gt; DEBUG o.s.b.f.s.DefaultListableBeanFactory - Finished creating instance of bean &apos;(inner bean)#1&apos;
[2019/06/30 15:18:32.873] &lt;Hiball_Video&gt; DEBUG o.s.b.f.s.DefaultListableBeanFactory - Creating instance of bean &apos;(inner bean)#2&apos;
[2019/06/30 15:18:32.882] &lt;Hiball_Video&gt; DEBUG o.s.b.f.s.DefaultListableBeanFactory - Returning cached instance of singleton bean &apos;org.springframework.transaction.config.internalTransactionAdvisor&apos;
[2019/06/30 15:18:32.883] &lt;Hiball_Video&gt; DEBUG o.s.b.f.s.DefaultListableBeanFactory - Finished creating instance of bean &apos;(inner bean)#2&apos;
[2019/06/30 15:18:32.884] &lt;Hiball_Video&gt; DEBUG o.s.b.f.s.DefaultListableBeanFactory - Creating instance of bean &apos;(inner bean)#3&apos;
[2019/06/30 15:18:32.889] &lt;Hiball_Video&gt; DEBUG o.s.b.f.s.DefaultListableBeanFactory - Returning cached instance of singleton bean &apos;org.springframework.transaction.config.internalTransactionAdvisor&apos;
[2019/06/30 15:18:32.890] &lt;Hiball_Video&gt; DEBUG o.s.b.f.s.DefaultListableBeanFactory - Finished creating instance of bean &apos;(inner bean)#3&apos;
[2019/06/30 15:18:32.890] &lt;Hiball_Video&gt; DEBUG o.s.b.f.s.DefaultListableBeanFactory - Creating instance of bean &apos;(inner bean)#4&apos;
[2019/06/30 15:18:32.894] &lt;Hiball_Video&gt; DEBUG o.s.b.f.s.DefaultListableBeanFactory - Returning cached instance of singleton bean &apos;org.springframework.transaction.config.internalTransactionAdvisor&apos;
[2019/06/30 15:18:32.894] &lt;Hiball_Video&gt; DEBUG o.s.b.f.s.DefaultListableBeanFactory - Finished creating instance of bean &apos;(inner bean)#4&apos;
[2019/06/30 15:18:32.894] &lt;Hiball_Video&gt; DEBUG o.s.b.f.s.DefaultListableBeanFactory - Creating instance of bean &apos;(inner bean)#5&apos;
[2019/06/30 15:18:32.899] &lt;Hiball_Video&gt; DEBUG o.s.b.f.s.DefaultListableBeanFactory - Returning cached instance of singleton bean &apos;org.springframework.transaction.config.internalTransactionAdvisor&apos;
[2019/06/30 15:18:32.900] &lt;Hiball_Video&gt; DEBUG o.s.b.f.s.DefaultListableBeanFactory - Finished creating instance of bean &apos;(inner bean)#5&apos;
[2019/06/30 15:18:32.900] &lt;Hiball_Video&gt; DEBUG o.s.b.f.s.DefaultListableBeanFactory - Creating instance of bean &apos;(inner bean)#6&apos;
[2019/06/30 15:18:32.907] &lt;Hiball_Video&gt; DEBUG o.s.b.f.s.DefaultListableBeanFactory - Returning cached instance of singleton bean &apos;org.springframework.transaction.config.internalTransactionAdvisor&apos;
[2019/06/30 15:18:32.913] &lt;Hiball_Video&gt; DEBUG o.s.b.f.s.DefaultListableBeanFactory - Finished creating instance of bean &apos;(inner bean)#6&apos;
[2019/06/30 15:18:32.913] &lt;Hiball_Video&gt; DEBUG o.s.b.f.s.DefaultListableBeanFactory - Creating instance of bean &apos;(inner bean)#7&apos;
[2019/06/30 15:18:32.923] &lt;Hiball_Video&gt; DEBUG o.s.b.f.s.DefaultListableBeanFactory - Returning cached instance of singleton bean &apos;org.springframework.transaction.config.internalTransactionAdvisor&apos;
[2019/06/30 15:18:32.923] &lt;Hiball_Video&gt; DEBUG o.s.b.f.s.DefaultListableBeanFactory - Finished creating instance of bean &apos;(inner bean)#7&apos;
[2019/06/30 15:18:32.923] &lt;Hiball_Video&gt; DEBUG o.s.b.f.s.DefaultListableBeanFactory - Creating instance of bean &apos;(inner bean)#8&apos;
[2019/06/30 15:18:32.927] &lt;Hiball_Video&gt; DEBUG o.s.b.f.s.DefaultListableBeanFactory - Returning cached instance of singleton bean &apos;org.springframework.transaction.config.internalTransactionAdvisor&apos;
[2019/06/30 15:18:32.928] &lt;Hiball_Video&gt; DEBUG o.s.b.f.s.DefaultListableBeanFactory - Finished creating instance of bean &apos;(inner bean)#8&apos;
[2019/06/30 15:18:32.930] &lt;Hiball_Video&gt; DEBUG o.s.b.f.s.DefaultListableBeanFactory - Invoking afterPropertiesSet() on bean with name &apos;org.springframework.web.servlet.mvc.method.annotation.RequestMappingHandlerAdapter#0&apos;
[2019/06/30 15:18:32.949] &lt;Hiball_Video&gt; DEBUG o.s.w.s.m.m.a.RequestMappingHandlerAdapter - Looking for controller advice: org.springframework.context.support.GenericApplicationContext@13c27452: startup date [Sun Jun 30 15:18:31 KST 2019]; root of context hierarchy
[2019/06/30 15:18:32.952] &lt;Hiball_Video&gt; DEBUG o.s.b.f.s.DefaultListableBeanFactory - Returning cached instance of singleton bean &apos;org.springframework.transaction.config.internalTransactionAdvisor&apos;
[2019/06/30 15:18:32.953] &lt;Hiball_Video&gt; DEBUG o.s.b.f.s.DefaultListableBeanFactory - Finished creating instance of bean &apos;org.springframework.web.servlet.mvc.method.annotation.RequestMappingHandlerAdapter#0&apos;
[2019/06/30 15:18:32.954] &lt;Hiball_Video&gt; DEBUG o.s.b.f.s.DefaultListableBeanFactory - Creating shared instance of singleton bean &apos;mvcUriComponentsContributor&apos;
[2019/06/30 15:18:32.956] &lt;Hiball_Video&gt; DEBUG o.s.b.f.s.DefaultListableBeanFactory - Creating instance of bean &apos;mvcUriComponentsContributor&apos;
[2019/06/30 15:18:32.956] &lt;Hiball_Video&gt; DEBUG o.s.b.f.s.DefaultListableBeanFactory - Eagerly caching bean &apos;mvcUriComponentsContributor&apos; to allow for resolving potential circular references
[2019/06/30 15:18:32.975] &lt;Hiball_Video&gt; DEBUG o.s.b.f.s.DefaultListableBeanFactory - Creating instance of bean &apos;(inner bean)#9&apos;
[2019/06/30 15:18:32.994] &lt;Hiball_Video&gt; DEBUG o.s.b.f.s.DefaultListableBeanFactory - Returning cached instance of singleton bean &apos;mvcContentNegotiationManager&apos;
[2019/06/30 15:18:32.995] &lt;Hiball_Video&gt; DEBUG o.s.b.f.s.DefaultListableBeanFactory - Creating instance of bean &apos;(inner bean)#10&apos;
[2019/06/30 15:18:32.995] &lt;Hiball_Video&gt; DEBUG o.s.b.f.s.DefaultListableBeanFactory - Returning cached instance of singleton bean &apos;org.springframework.format.support.FormattingConversionServiceFactoryBean#0&apos;
[2019/06/30 15:18:32.996] &lt;Hiball_Video&gt; DEBUG o.s.b.f.s.DefaultListableBeanFactory - Returning cached instance of singleton bean &apos;org.springframework.transaction.config.internalTransactionAdvisor&apos;
[2019/06/30 15:18:32.996] &lt;Hiball_Video&gt; DEBUG o.s.b.f.s.DefaultListableBeanFactory - Finished creating instance of bean &apos;(inner bean)#10&apos;
[2019/06/30 15:18:32.996] &lt;Hiball_Video&gt; DEBUG o.s.b.f.s.DefaultListableBeanFactory - Creating instance of bean &apos;(inner bean)#11&apos;
[2019/06/30 15:18:33.000] &lt;Hiball_Video&gt; DEBUG o.s.b.f.s.DefaultListableBeanFactory - Returning cached instance of singleton bean &apos;org.springframework.transaction.config.internalTransactionAdvisor&apos;
[2019/06/30 15:18:33.001] &lt;Hiball_Video&gt; DEBUG o.s.b.f.s.DefaultListableBeanFactory - Finished creating instance of bean &apos;(inner bean)#11&apos;
[2019/06/30 15:18:33.001] &lt;Hiball_Video&gt; DEBUG o.s.b.f.s.DefaultListableBeanFactory - Creating instance of bean &apos;(inner bean)#12&apos;
[2019/06/30 15:18:33.004] &lt;Hiball_Video&gt; DEBUG o.s.b.f.s.DefaultListableBeanFactory - Returning cached instance of singleton bean &apos;org.springframework.transaction.config.internalTransactionAdvisor&apos;
[2019/06/30 15:18:33.004] &lt;Hiball_Video&gt; DEBUG o.s.b.f.s.DefaultListableBeanFactory - Finished creating instance of bean &apos;(inner bean)#12&apos;
[2019/06/30 15:18:33.004] &lt;Hiball_Video&gt; DEBUG o.s.b.f.s.DefaultListableBeanFactory - Creating instance of bean &apos;(inner bean)#13&apos;
[2019/06/30 15:18:33.006] &lt;Hiball_Video&gt; DEBUG o.s.b.f.s.DefaultListableBeanFactory - Returning cached instance of singleton bean &apos;org.springframework.transaction.config.internalTransactionAdvisor&apos;
[2019/06/30 15:18:33.007] &lt;Hiball_Video&gt; DEBUG o.s.b.f.s.DefaultListableBeanFactory - Finished creating instance of bean &apos;(inner bean)#13&apos;
[2019/06/30 15:18:33.007] &lt;Hiball_Video&gt; DEBUG o.s.b.f.s.DefaultListableBeanFactory - Creating instance of bean &apos;(inner bean)#14&apos;
[2019/06/30 15:18:33.010] &lt;Hiball_Video&gt; DEBUG o.s.b.f.s.DefaultListableBeanFactory - Returning cached instance of singleton bean &apos;org.springframework.transaction.config.internalTransactionAdvisor&apos;
[2019/06/30 15:18:33.016] &lt;Hiball_Video&gt; DEBUG o.s.b.f.s.DefaultListableBeanFactory - Finished creating instance of bean &apos;(inner bean)#14&apos;
[2019/06/30 15:18:33.017] &lt;Hiball_Video&gt; DEBUG o.s.b.f.s.DefaultListableBeanFactory - Creating instance of bean &apos;(inner bean)#15&apos;
[2019/06/30 15:18:33.021] &lt;Hiball_Video&gt; DEBUG o.s.b.f.s.DefaultListableBeanFactory - Returning cached instance of singleton bean &apos;org.springframework.transaction.config.internalTransactionAdvisor&apos;
[2019/06/30 15:18:33.022] &lt;Hiball_Video&gt; DEBUG o.s.b.f.s.DefaultListableBeanFactory - Finished creating instance of bean &apos;(inner bean)#15&apos;
[2019/06/30 15:18:33.022] &lt;Hiball_Video&gt; DEBUG o.s.b.f.s.DefaultListableBeanFactory - Creating instance of bean &apos;(inner bean)#16&apos;
[2019/06/30 15:18:33.023] &lt;Hiball_Video&gt; DEBUG o.s.b.f.s.DefaultListableBeanFactory - Returning cached instance of singleton bean &apos;org.springframework.transaction.config.internalTransactionAdvisor&apos;
[2019/06/30 15:18:33.024] &lt;Hiball_Video&gt; DEBUG o.s.b.f.s.DefaultListableBeanFactory - Finished creating instance of bean &apos;(inner bean)#16&apos;
[2019/06/30 15:18:33.024] &lt;Hiball_Video&gt; DEBUG o.s.b.f.s.DefaultListableBeanFactory - Creating instance of bean &apos;(inner bean)#17&apos;
[2019/06/30 15:18:33.024] &lt;Hiball_Video&gt; DEBUG o.s.b.f.s.DefaultListableBeanFactory - Returning cached instance of singleton bean &apos;org.springframework.transaction.config.internalTransactionAdvisor&apos;
[2019/06/30 15:18:33.025] &lt;Hiball_Video&gt; DEBUG o.s.b.f.s.DefaultListableBeanFactory - Finished creating instance of bean &apos;(inner bean)#17&apos;
[2019/06/30 15:18:33.027] &lt;Hiball_Video&gt; DEBUG o.s.b.f.s.DefaultListableBeanFactory - Invoking afterPropertiesSet() on bean with name &apos;(inner bean)#9&apos;
[2019/06/30 15:18:33.028] &lt;Hiball_Video&gt; DEBUG o.s.w.s.m.m.a.RequestMappingHandlerAdapter - Looking for controller advice: org.springframework.context.support.GenericApplicationContext@13c27452: startup date [Sun Jun 30 15:18:31 KST 2019]; root of context hierarchy
[2019/06/30 15:18:33.029] &lt;Hiball_Video&gt; DEBUG o.s.b.f.s.DefaultListableBeanFactory - Returning cached instance of singleton bean &apos;org.springframework.transaction.config.internalTransactionAdvisor&apos;
[2019/06/30 15:18:33.030] &lt;Hiball_Video&gt; DEBUG o.s.b.f.s.DefaultListableBeanFactory - Returning eagerly cached instance of singleton bean &apos;mvcUriComponentsContributor&apos; that is not fully initialized yet - a consequence of a circular reference
[2019/06/30 15:18:33.052] &lt;Hiball_Video&gt; DEBUG o.s.b.f.s.DefaultListableBeanFactory - Returning cached instance of singleton bean &apos;org.springframework.transaction.config.internalTransactionAdvisor&apos;
[2019/06/30 15:18:33.059] &lt;Hiball_Video&gt; DEBUG o.s.b.f.s.DefaultListableBeanFactory - Finished creating instance of bean &apos;(inner bean)#9&apos;
[2019/06/30 15:18:33.060] &lt;Hiball_Video&gt; DEBUG o.s.b.f.s.DefaultListableBeanFactory - Returning cached instance of singleton bean &apos;org.springframework.format.support.FormattingConversionServiceFactoryBean#0&apos;
[2019/06/30 15:18:33.061] &lt;Hiball_Video&gt; DEBUG o.s.b.f.s.DefaultListableBeanFactory - Invoking afterPropertiesSet() on bean with name &apos;mvcUriComponentsContributor&apos;
[2019/06/30 15:18:33.063] &lt;Hiball_Video&gt; DEBUG o.s.b.f.s.DefaultListableBeanFactory - Finished creating instance of bean &apos;mvcUriComponentsContributor&apos;
[2019/06/30 15:18:33.064] &lt;Hiball_Video&gt; DEBUG o.s.b.f.s.DefaultListableBeanFactory - Returning cached instance of singleton bean &apos;org.springframework.web.servlet.handler.MappedInterceptor#0&apos;
[2019/06/30 15:18:33.065] &lt;Hiball_Video&gt; DEBUG o.s.b.f.s.DefaultListableBeanFactory - Creating shared instance of singleton bean &apos;org.springframework.web.servlet.mvc.method.annotation.ExceptionHandlerExceptionResolver#0&apos;
[2019/06/30 15:18:33.073] &lt;Hiball_Video&gt; DEBUG o.s.b.f.s.DefaultListableBeanFactory - Creating instance of bean &apos;org.springframework.web.servlet.mvc.method.annotation.ExceptionHandlerExceptionResolver#0&apos;
[2019/06/30 15:18:33.077] &lt;Hiball_Video&gt; DEBUG o.s.b.f.s.DefaultListableBeanFactory - Eagerly caching bean &apos;org.springframework.web.servlet.mvc.method.annotation.ExceptionHandlerExceptionResolver#0&apos; to allow for resolving potential circular references
[2019/06/30 15:18:33.088] &lt;Hiball_Video&gt; DEBUG o.s.b.f.s.DefaultListableBeanFactory - Returning cached instance of singleton bean &apos;mvcContentNegotiationManager&apos;
[2019/06/30 15:18:33.088] &lt;Hiball_Video&gt; DEBUG o.s.b.f.s.DefaultListableBeanFactory - Creating instance of bean &apos;(inner bean)#18&apos;
[2019/06/30 15:18:33.090] &lt;Hiball_Video&gt; DEBUG o.s.b.f.s.DefaultListableBeanFactory - Returning cached instance of singleton bean &apos;org.springframework.transaction.config.internalTransactionAdvisor&apos;
[2019/06/30 15:18:33.090] &lt;Hiball_Video&gt; DEBUG o.s.b.f.s.DefaultListableBeanFactory - Finished creating instance of bean &apos;(inner bean)#18&apos;
[2019/06/30 15:18:33.091] &lt;Hiball_Video&gt; DEBUG o.s.b.f.s.DefaultListableBeanFactory - Creating instance of bean &apos;(inner bean)#19&apos;
[2019/06/30 15:18:33.094] &lt;Hiball_Video&gt; DEBUG o.s.b.f.s.DefaultListableBeanFactory - Returning cached instance of singleton bean &apos;org.springframework.transaction.config.internalTransactionAdvisor&apos;
[2019/06/30 15:18:33.094] &lt;Hiball_Video&gt; DEBUG o.s.b.f.s.DefaultListableBeanFactory - Finished creating instance of bean &apos;(inner bean)#19&apos;
[2019/06/30 15:18:33.095] &lt;Hiball_Video&gt; DEBUG o.s.b.f.s.DefaultListableBeanFactory - Creating instance of bean &apos;(inner bean)#20&apos;
[2019/06/30 15:18:33.097] &lt;Hiball_Video&gt; DEBUG o.s.b.f.s.DefaultListableBeanFactory - Returning cached instance of singleton bean &apos;org.springframework.transaction.config.internalTransactionAdvisor&apos;
[2019/06/30 15:18:33.098] &lt;Hiball_Video&gt; DEBUG o.s.b.f.s.DefaultListableBeanFactory - Finished creating instance of bean &apos;(inner bean)#20&apos;
[2019/06/30 15:18:33.098] &lt;Hiball_Video&gt; DEBUG o.s.b.f.s.DefaultListableBeanFactory - Creating instance of bean &apos;(inner bean)#21&apos;
[2019/06/30 15:18:33.101] &lt;Hiball_Video&gt; DEBUG o.s.b.f.s.DefaultListableBeanFactory - Returning cached instance of singleton bean &apos;org.springframework.transaction.config.internalTransactionAdvisor&apos;
[2019/06/30 15:18:33.102] &lt;Hiball_Video&gt; DEBUG o.s.b.f.s.DefaultListableBeanFactory - Finished creating instance of bean &apos;(inner bean)#21&apos;
[2019/06/30 15:18:33.102] &lt;Hiball_Video&gt; DEBUG o.s.b.f.s.DefaultListableBeanFactory - Creating instance of bean &apos;(inner bean)#22&apos;
[2019/06/30 15:18:33.104] &lt;Hiball_Video&gt; DEBUG o.s.b.f.s.DefaultListableBeanFactory - Returning cached instance of singleton bean &apos;org.springframework.transaction.config.internalTransactionAdvisor&apos;
[2019/06/30 15:18:33.104] &lt;Hiball_Video&gt; DEBUG o.s.b.f.s.DefaultListableBeanFactory - Finished creating instance of bean &apos;(inner bean)#22&apos;
[2019/06/30 15:18:33.104] &lt;Hiball_Video&gt; DEBUG o.s.b.f.s.DefaultListableBeanFactory - Creating instance of bean &apos;(inner bean)#23&apos;
[2019/06/30 15:18:33.105] &lt;Hiball_Video&gt; DEBUG o.s.b.f.s.DefaultListableBeanFactory - Returning cached instance of singleton bean &apos;org.springframework.transaction.config.internalTransactionAdvisor&apos;
[2019/06/30 15:18:33.106] &lt;Hiball_Video&gt; DEBUG o.s.b.f.s.DefaultListableBeanFactory - Finished creating instance of bean &apos;(inner bean)#23&apos;
[2019/06/30 15:18:33.106] &lt;Hiball_Video&gt; DEBUG o.s.b.f.s.DefaultListableBeanFactory - Creating instance of bean &apos;(inner bean)#24&apos;
[2019/06/30 15:18:33.106] &lt;Hiball_Video&gt; DEBUG o.s.b.f.s.DefaultListableBeanFactory - Returning cached instance of singleton bean &apos;org.springframework.transaction.config.internalTransactionAdvisor&apos;
[2019/06/30 15:18:33.107] &lt;Hiball_Video&gt; DEBUG o.s.b.f.s.DefaultListableBeanFactory - Finished creating instance of bean &apos;(inner bean)#24&apos;
[2019/06/30 15:18:33.115] &lt;Hiball_Video&gt; DEBUG o.s.b.f.s.DefaultListableBeanFactory - Invoking afterPropertiesSet() on bean with name &apos;org.springframework.web.servlet.mvc.method.annotation.ExceptionHandlerExceptionResolver#0&apos;
[2019/06/30 15:18:33.123] &lt;Hiball_Video&gt; DEBUG o.s.w.s.m.m.a.ExceptionHandlerExceptionResolver - Looking for exception mappings: org.springframework.context.support.GenericApplicationContext@13c27452: startup date [Sun Jun 30 15:18:31 KST 2019]; root of context hierarchy
[2019/06/30 15:18:33.126] &lt;Hiball_Video&gt; DEBUG o.s.b.f.s.DefaultListableBeanFactory - Returning cached instance of singleton bean &apos;org.springframework.transaction.config.internalTransactionAdvisor&apos;
[2019/06/30 15:18:33.145] &lt;Hiball_Video&gt; DEBUG o.s.b.f.s.DefaultListableBeanFactory - Finished creating instance of bean &apos;org.springframework.web.servlet.mvc.method.annotation.ExceptionHandlerExceptionResolver#0&apos;
[2019/06/30 15:18:33.145] &lt;Hiball_Video&gt; DEBUG o.s.b.f.s.DefaultListableBeanFactory - Creating shared instance of singleton bean &apos;org.springframework.web.servlet.mvc.annotation.ResponseStatusExceptionResolver#0&apos;
[2019/06/30 15:18:33.147] &lt;Hiball_Video&gt; DEBUG o.s.b.f.s.DefaultListableBeanFactory - Creating instance of bean &apos;org.springframework.web.servlet.mvc.annotation.ResponseStatusExceptionResolver#0&apos;
[2019/06/30 15:18:33.149] &lt;Hiball_Video&gt; DEBUG o.s.b.f.s.DefaultListableBeanFactory - Eagerly caching bean &apos;org.springframework.web.servlet.mvc.annotation.ResponseStatusExceptionResolver#0&apos; to allow for resolving potential circular references
[2019/06/30 15:18:33.152] &lt;Hiball_Video&gt; DEBUG o.s.b.f.s.DefaultListableBeanFactory - Returning cached instance of singleton bean &apos;org.springframework.transaction.config.internalTransactionAdvisor&apos;
[2019/06/30 15:18:33.152] &lt;Hiball_Video&gt; DEBUG o.s.b.f.s.DefaultListableBeanFactory - Finished creating instance of bean &apos;org.springframework.web.servlet.mvc.annotation.ResponseStatusExceptionResolver#0&apos;
[2019/06/30 15:18:33.152] &lt;Hiball_Video&gt; DEBUG o.s.b.f.s.DefaultListableBeanFactory - Creating shared instance of singleton bean &apos;org.springframework.web.servlet.mvc.support.DefaultHandlerExceptionResolver#0&apos;
[2019/06/30 15:18:33.152] &lt;Hiball_Video&gt; DEBUG o.s.b.f.s.DefaultListableBeanFactory - Creating instance of bean &apos;org.springframework.web.servlet.mvc.support.DefaultHandlerExceptionResolver#0&apos;
[2019/06/30 15:18:33.153] &lt;Hiball_Video&gt; DEBUG o.s.b.f.s.DefaultListableBeanFactory - Eagerly caching bean &apos;org.springframework.web.servlet.mvc.support.DefaultHandlerExceptionResolver#0&apos; to allow for resolving potential circular references
[2019/06/30 15:18:33.156] &lt;Hiball_Video&gt; DEBUG o.s.b.f.s.DefaultListableBeanFactory - Returning cached instance of singleton bean &apos;org.springframework.transaction.config.internalTransactionAdvisor&apos;
[2019/06/30 15:18:33.156] &lt;Hiball_Video&gt; DEBUG o.s.b.f.s.DefaultListableBeanFactory - Finished creating instance of bean &apos;org.springframework.web.servlet.mvc.support.DefaultHandlerExceptionResolver#0&apos;
[2019/06/30 15:18:33.157] &lt;Hiball_Video&gt; DEBUG o.s.b.f.s.DefaultListableBeanFactory - Creating shared instance of singleton bean &apos;org.springframework.web.servlet.handler.BeanNameUrlHandlerMapping&apos;
[2019/06/30 15:18:33.157] &lt;Hiball_Video&gt; DEBUG o.s.b.f.s.DefaultListableBeanFactory - Creating instance of bean &apos;org.springframework.web.servlet.handler.BeanNameUrlHandlerMapping&apos;
[2019/06/30 15:18:33.158] &lt;Hiball_Video&gt; DEBUG o.s.b.f.s.DefaultListableBeanFactory - Eagerly caching bean &apos;org.springframework.web.servlet.handler.BeanNameUrlHandlerMapping&apos; to allow for resolving potential circular references
[2019/06/30 15:18:33.171] &lt;Hiball_Video&gt; DEBUG o.s.b.f.s.DefaultListableBeanFactory - Returning cached instance of singleton bean &apos;org.springframework.web.servlet.handler.MappedInterceptor#0&apos;
[2019/06/30 15:18:33.171] &lt;Hiball_Video&gt; DEBUG o.s.b.f.s.DefaultListableBeanFactory - Returning cached instance of singleton bean &apos;org.springframework.web.servlet.handler.MappedInterceptor#1&apos;
[2019/06/30 15:18:33.171] &lt;Hiball_Video&gt; DEBUG o.s.b.f.s.DefaultListableBeanFactory - Returning cached instance of singleton bean &apos;org.springframework.web.servlet.handler.MappedInterceptor#2&apos;
[2019/06/30 15:18:33.171] &lt;Hiball_Video&gt; DEBUG o.s.w.s.h.BeanNameUrlHandlerMapping - Looking for URL mappings in application context: org.springframework.context.support.GenericApplicationContext@13c27452: startup date [Sun Jun 30 15:18:31 KST 2019]; root of context hierarchy
[2019/06/30 15:18:33.172] &lt;Hiball_Video&gt; DEBUG o.s.w.s.h.BeanNameUrlHandlerMapping - Rejected bean name &apos;mvcContentNegotiationManager&apos;: no URL paths identified
[2019/06/30 15:18:33.172] &lt;Hiball_Video&gt; DEBUG o.s.w.s.h.BeanNameUrlHandlerMapping - Rejected bean name &apos;org.springframework.web.servlet.mvc.method.annotation.RequestMappingHandlerMapping#0&apos;: no URL paths identified
[2019/06/30 15:18:33.172] &lt;Hiball_Video&gt; DEBUG o.s.w.s.h.BeanNameUrlHandlerMapping - Rejected bean name &apos;org.springframework.format.support.FormattingConversionServiceFactoryBean#0&apos;: no URL paths identified
[2019/06/30 15:18:33.172] &lt;Hiball_Video&gt; DEBUG o.s.w.s.h.BeanNameUrlHandlerMapping - Rejected bean name &apos;org.springframework.web.servlet.mvc.method.annotation.RequestMappingHandlerAdapter#0&apos;: no URL paths identified
[2019/06/30 15:18:33.172] &lt;Hiball_Video&gt; DEBUG o.s.w.s.h.BeanNameUrlHandlerMapping - Rejected bean name &apos;mvcUriComponentsContributor&apos;: no URL paths identified
[2019/06/30 15:18:33.172] &lt;Hiball_Video&gt; DEBUG o.s.w.s.h.BeanNameUrlHandlerMapping - Rejected bean name &apos;org.springframework.web.servlet.handler.MappedInterceptor#0&apos;: no URL paths identified
[2019/06/30 15:18:33.173] &lt;Hiball_Video&gt; DEBUG o.s.w.s.h.BeanNameUrlHandlerMapping - Rejected bean name &apos;org.springframework.web.servlet.mvc.method.annotation.ExceptionHandlerExceptionResolver#0&apos;: no URL paths identified
[2019/06/30 15:18:33.173] &lt;Hiball_Video&gt; DEBUG o.s.w.s.h.BeanNameUrlHandlerMapping - Rejected bean name &apos;org.springframework.web.servlet.mvc.annotation.ResponseStatusExceptionResolver#0&apos;: no URL paths identified
[2019/06/30 15:18:33.173] &lt;Hiball_Video&gt; DEBUG o.s.w.s.h.BeanNameUrlHandlerMapping - Rejected bean name &apos;org.springframework.web.servlet.mvc.support.DefaultHandlerExceptionResolver#0&apos;: no URL paths identified
[2019/06/30 15:18:33.173] &lt;Hiball_Video&gt; DEBUG o.s.w.s.h.BeanNameUrlHandlerMapping - Rejected bean name &apos;org.springframework.web.servlet.handler.BeanNameUrlHandlerMapping&apos;: no URL paths identified
[2019/06/30 15:18:33.173] &lt;Hiball_Video&gt; DEBUG o.s.w.s.h.BeanNameUrlHandlerMapping - Rejected bean name &apos;org.springframework.web.servlet.mvc.HttpRequestHandlerAdapter&apos;: no URL paths identified
[2019/06/30 15:18:33.173] &lt;Hiball_Video&gt; DEBUG o.s.w.s.h.BeanNameUrlHandlerMapping - Rejected bean name &apos;org.springframework.web.servlet.mvc.SimpleControllerHandlerAdapter&apos;: no URL paths identified
[2019/06/30 15:18:33.174] &lt;Hiball_Video&gt; DEBUG o.s.w.s.h.BeanNameUrlHandlerMapping - Rejected bean name &apos;systemConstantsDao&apos;: no URL paths identified
[2019/06/30 15:18:33.174] &lt;Hiball_Video&gt; DEBUG o.s.w.s.h.BeanNameUrlHandlerMapping - Rejected bean name &apos;systemConstantsService&apos;: no URL paths identified
[2019/06/30 15:18:33.174] &lt;Hiball_Video&gt; DEBUG o.s.w.s.h.BeanNameUrlHandlerMapping - Rejected bean name &apos;apiIntgrationService&apos;: no URL paths identified
[2019/06/30 15:18:33.174] &lt;Hiball_Video&gt; DEBUG o.s.w.s.h.BeanNameUrlHandlerMapping - Rejected bean name &apos;multiRetrieveService&apos;: no URL paths identified
[2019/06/30 15:18:33.174] &lt;Hiball_Video&gt; DEBUG o.s.w.s.h.BeanNameUrlHandlerMapping - Rejected bean name &apos;indexController&apos;: no URL paths identified
[2019/06/30 15:18:33.174] &lt;Hiball_Video&gt; DEBUG o.s.w.s.h.BeanNameUrlHandlerMapping - Rejected bean name &apos;callAPIController&apos;: no URL paths identified
[2019/06/30 15:18:33.174] &lt;Hiball_Video&gt; DEBUG o.s.w.s.h.BeanNameUrlHandlerMapping - Rejected bean name &apos;codeDao&apos;: no URL paths identified
[2019/06/30 15:18:33.174] &lt;Hiball_Video&gt; DEBUG o.s.w.s.h.BeanNameUrlHandlerMapping - Rejected bean name &apos;codeService&apos;: no URL paths identified
[2019/06/30 15:18:33.174] &lt;Hiball_Video&gt; DEBUG o.s.w.s.h.BeanNameUrlHandlerMapping - Rejected bean name &apos;gameScheduleDao&apos;: no URL paths identified
[2019/06/30 15:18:33.175] &lt;Hiball_Video&gt; DEBUG o.s.w.s.h.BeanNameUrlHandlerMapping - Rejected bean name &apos;gameScheduleService&apos;: no URL paths identified
[2019/06/30 15:18:33.175] &lt;Hiball_Video&gt; DEBUG o.s.w.s.h.BeanNameUrlHandlerMapping - Rejected bean name &apos;org.springframework.context.annotation.internalConfigurationAnnotationProcessor&apos;: no URL paths identified
[2019/06/30 15:18:33.175] &lt;Hiball_Video&gt; DEBUG o.s.w.s.h.BeanNameUrlHandlerMapping - Rejected bean name &apos;org.springframework.context.annotation.internalAutowiredAnnotationProcessor&apos;: no URL paths identified
[2019/06/30 15:18:33.175] &lt;Hiball_Video&gt; DEBUG o.s.w.s.h.BeanNameUrlHandlerMapping - Rejected bean name &apos;org.springframework.context.annotation.internalRequiredAnnotationProcessor&apos;: no URL paths identified
[2019/06/30 15:18:33.175] &lt;Hiball_Video&gt; DEBUG o.s.w.s.h.BeanNameUrlHandlerMapping - Rejected bean name &apos;org.springframework.context.annotation.internalCommonAnnotationProcessor&apos;: no URL paths identified
[2019/06/30 15:18:33.175] &lt;Hiball_Video&gt; DEBUG o.s.w.s.h.BeanNameUrlHandlerMapping - Rejected bean name &apos;org.springframework.web.servlet.resource.ResourceHttpRequestHandler#0&apos;: no URL paths identified
[2019/06/30 15:18:33.175] &lt;Hiball_Video&gt; DEBUG o.s.w.s.h.BeanNameUrlHandlerMapping - Rejected bean name &apos;org.springframework.web.servlet.handler.SimpleUrlHandlerMapping#0&apos;: no URL paths identified
[2019/06/30 15:18:33.175] &lt;Hiball_Video&gt; DEBUG o.s.w.s.h.BeanNameUrlHandlerMapping - Rejected bean name &apos;org.springframework.web.servlet.resource.ResourceHttpRequestHandler#1&apos;: no URL paths identified
[2019/06/30 15:18:33.176] &lt;Hiball_Video&gt; DEBUG o.s.w.s.h.BeanNameUrlHandlerMapping - Rejected bean name &apos;org.springframework.web.servlet.handler.SimpleUrlHandlerMapping#1&apos;: no URL paths identified
[2019/06/30 15:18:33.177] &lt;Hiball_Video&gt; DEBUG o.s.w.s.h.BeanNameUrlHandlerMapping - Rejected bean name &apos;org.springframework.web.servlet.resource.ResourceHttpRequestHandler#2&apos;: no URL paths identified
[2019/06/30 15:18:33.177] &lt;Hiball_Video&gt; DEBUG o.s.w.s.h.BeanNameUrlHandlerMapping - Rejected bean name &apos;org.springframework.web.servlet.handler.SimpleUrlHandlerMapping#2&apos;: no URL paths identified
[2019/06/30 15:18:33.178] &lt;Hiball_Video&gt; DEBUG o.s.w.s.h.BeanNameUrlHandlerMapping - Rejected bean name &apos;org.springframework.web.servlet.view.ContentNegotiatingViewResolver#0&apos;: no URL paths identified
[2019/06/30 15:18:33.178] &lt;Hiball_Video&gt; DEBUG o.s.w.s.h.BeanNameUrlHandlerMapping - Rejected bean name &apos;jsonTypeView&apos;: no URL paths identified
[2019/06/30 15:18:33.178] &lt;Hiball_Video&gt; DEBUG o.s.w.s.h.BeanNameUrlHandlerMapping - Rejected bean name &apos;exceptionResolver&apos;: no URL paths identified
[2019/06/30 15:18:33.178] &lt;Hiball_Video&gt; DEBUG o.s.w.s.h.BeanNameUrlHandlerMapping - Rejected bean name &apos;org.springframework.web.servlet.handler.MappedInterceptor#1&apos;: no URL paths identified
[2019/06/30 15:18:33.178] &lt;Hiball_Video&gt; DEBUG o.s.w.s.h.BeanNameUrlHandlerMapping - Rejected bean name &apos;org.springframework.web.servlet.handler.MappedInterceptor#2&apos;: no URL paths identified
[2019/06/30 15:18:33.178] &lt;Hiball_Video&gt; DEBUG o.s.w.s.h.BeanNameUrlHandlerMapping - Rejected bean name &apos;org.mybatis.spring.mapper.MapperScannerConfigurer#0&apos;: no URL paths identified
[2019/06/30 15:18:33.178] &lt;Hiball_Video&gt; DEBUG o.s.w.s.h.BeanNameUrlHandlerMapping - Rejected bean name &apos;jdbcProp&apos;: no URL paths identified
[2019/06/30 15:18:33.179] &lt;Hiball_Video&gt; DEBUG o.s.w.s.h.BeanNameUrlHandlerMapping - Rejected bean name &apos;dataSource&apos;: no URL paths identified
[2019/06/30 15:18:33.179] &lt;Hiball_Video&gt; DEBUG o.s.w.s.h.BeanNameUrlHandlerMapping - Rejected bean name &apos;sqlSessionFactory&apos;: no URL paths identified
[2019/06/30 15:18:33.179] &lt;Hiball_Video&gt; DEBUG o.s.w.s.h.BeanNameUrlHandlerMapping - Rejected bean name &apos;sqlSession&apos;: no URL paths identified
[2019/06/30 15:18:33.179] &lt;Hiball_Video&gt; DEBUG o.s.w.s.h.BeanNameUrlHandlerMapping - Rejected bean name &apos;transactionManager&apos;: no URL paths identified
[2019/06/30 15:18:33.179] &lt;Hiball_Video&gt; DEBUG o.s.w.s.h.BeanNameUrlHandlerMapping - Rejected bean name &apos;org.springframework.aop.config.internalAutoProxyCreator&apos;: no URL paths identified
[2019/06/30 15:18:33.179] &lt;Hiball_Video&gt; DEBUG o.s.w.s.h.BeanNameUrlHandlerMapping - Rejected bean name &apos;org.springframework.transaction.annotation.AnnotationTransactionAttributeSource#0&apos;: no URL paths identified
[2019/06/30 15:18:33.179] &lt;Hiball_Video&gt; DEBUG o.s.w.s.h.BeanNameUrlHandlerMapping - Rejected bean name &apos;org.springframework.transaction.interceptor.TransactionInterceptor#0&apos;: no URL paths identified
[2019/06/30 15:18:33.180] &lt;Hiball_Video&gt; DEBUG o.s.w.s.h.BeanNameUrlHandlerMapping - Rejected bean name &apos;org.springframework.transaction.config.internalTransactionAdvisor&apos;: no URL paths identified
[2019/06/30 15:18:33.180] &lt;Hiball_Video&gt; DEBUG o.s.w.s.h.BeanNameUrlHandlerMapping - Rejected bean name &apos;org.springframework.context.annotation.ConfigurationClassPostProcessor.importAwareProcessor&apos;: no URL paths identified
[2019/06/30 15:18:33.180] &lt;Hiball_Video&gt; DEBUG o.s.w.s.h.BeanNameUrlHandlerMapping - Rejected bean name &apos;org.springframework.context.annotation.ConfigurationClassPostProcessor.enhancedConfigurationProcessor&apos;: no URL paths identified
[2019/06/30 15:18:33.180] &lt;Hiball_Video&gt; DEBUG o.s.w.s.h.BeanNameUrlHandlerMapping - Rejected bean name &apos;environment&apos;: no URL paths identified
[2019/06/30 15:18:33.180] &lt;Hiball_Video&gt; DEBUG o.s.w.s.h.BeanNameUrlHandlerMapping - Rejected bean name &apos;systemProperties&apos;: no URL paths identified
[2019/06/30 15:18:33.183] &lt;Hiball_Video&gt; DEBUG o.s.w.s.h.BeanNameUrlHandlerMapping - Rejected bean name &apos;systemEnvironment&apos;: no URL paths identified
[2019/06/30 15:18:33.183] &lt;Hiball_Video&gt; DEBUG o.s.w.s.h.BeanNameUrlHandlerMapping - Rejected bean name &apos;org.springframework.context.annotation.ConfigurationClassPostProcessor.importRegistry&apos;: no URL paths identified
[2019/06/30 15:18:33.183] &lt;Hiball_Video&gt; DEBUG o.s.w.s.h.BeanNameUrlHandlerMapping - Rejected bean name &apos;messageSource&apos;: no URL paths identified
[2019/06/30 15:18:33.183] &lt;Hiball_Video&gt; DEBUG o.s.w.s.h.BeanNameUrlHandlerMapping - Rejected bean name &apos;applicationEventMulticaster&apos;: no URL paths identified
[2019/06/30 15:18:33.184] &lt;Hiball_Video&gt; DEBUG o.s.b.f.s.DefaultListableBeanFactory - Returning cached instance of singleton bean &apos;org.springframework.transaction.config.internalTransactionAdvisor&apos;
[2019/06/30 15:18:33.186] &lt;Hiball_Video&gt; DEBUG o.s.b.f.s.DefaultListableBeanFactory - Finished creating instance of bean &apos;org.springframework.web.servlet.handler.BeanNameUrlHandlerMapping&apos;
[2019/06/30 15:18:33.187] &lt;Hiball_Video&gt; DEBUG o.s.b.f.s.DefaultListableBeanFactory - Creating shared instance of singleton bean &apos;org.springframework.web.servlet.mvc.HttpRequestHandlerAdapter&apos;
[2019/06/30 15:18:33.187] &lt;Hiball_Video&gt; DEBUG o.s.b.f.s.DefaultListableBeanFactory - Creating instance of bean &apos;org.springframework.web.servlet.mvc.HttpRequestHandlerAdapter&apos;
[2019/06/30 15:18:33.187] &lt;Hiball_Video&gt; DEBUG o.s.b.f.s.DefaultListableBeanFactory - Eagerly caching bean &apos;org.springframework.web.servlet.mvc.HttpRequestHandlerAdapter&apos; to allow for resolving potential circular references
[2019/06/30 15:18:33.190] &lt;Hiball_Video&gt; DEBUG o.s.b.f.s.DefaultListableBeanFactory - Returning cached instance of singleton bean &apos;org.springframework.transaction.config.internalTransactionAdvisor&apos;
[2019/06/30 15:18:33.190] &lt;Hiball_Video&gt; DEBUG o.s.b.f.s.DefaultListableBeanFactory - Finished creating instance of bean &apos;org.springframework.web.servlet.mvc.HttpRequestHandlerAdapter&apos;
[2019/06/30 15:18:33.191] &lt;Hiball_Video&gt; DEBUG o.s.b.f.s.DefaultListableBeanFactory - Creating shared instance of singleton bean &apos;org.springframework.web.servlet.mvc.SimpleControllerHandlerAdapter&apos;
[2019/06/30 15:18:33.191] &lt;Hiball_Video&gt; DEBUG o.s.b.f.s.DefaultListableBeanFactory - Creating instance of bean &apos;org.springframework.web.servlet.mvc.SimpleControllerHandlerAdapter&apos;
[2019/06/30 15:18:33.191] &lt;Hiball_Video&gt; DEBUG o.s.b.f.s.DefaultListableBeanFactory - Eagerly caching bean &apos;org.springframework.web.servlet.mvc.SimpleControllerHandlerAdapter&apos; to allow for resolving potential circular references
[2019/06/30 15:18:33.193] &lt;Hiball_Video&gt; DEBUG o.s.b.f.s.DefaultListableBeanFactory - Returning cached instance of singleton bean &apos;org.springframework.transaction.config.internalTransactionAdvisor&apos;
[2019/06/30 15:18:33.194] &lt;Hiball_Video&gt; DEBUG o.s.b.f.s.DefaultListableBeanFactory - Finished creating instance of bean &apos;org.springframework.web.servlet.mvc.SimpleControllerHandlerAdapter&apos;
[2019/06/30 15:18:33.194] &lt;Hiball_Video&gt; DEBUG o.s.b.f.s.DefaultListableBeanFactory - Creating shared instance of singleton bean &apos;systemConstantsDao&apos;
[2019/06/30 15:18:33.194] &lt;Hiball_Video&gt; DEBUG o.s.b.f.s.DefaultListableBeanFactory - Creating instance of bean &apos;systemConstantsDao&apos;
[2019/06/30 15:18:33.213] &lt;Hiball_Video&gt; DEBUG o.s.b.f.annotation.InjectionMetadata - Registered injected element on class [com.hiball.web.common.dao.impl.SystemConstantsDaoImpl]: AutowiredFieldElement for protected org.apache.ibatis.session.SqlSession com.hiball.web.common.dao.AbstractCommonAPIDao.sqlSession
[2019/06/30 15:18:33.214] &lt;Hiball_Video&gt; DEBUG o.s.b.f.s.DefaultListableBeanFactory - Eagerly caching bean &apos;systemConstantsDao&apos; to allow for resolving potential circular references
[2019/06/30 15:18:33.218] &lt;Hiball_Video&gt; DEBUG o.s.b.f.annotation.InjectionMetadata - Processing injected method of bean &apos;systemConstantsDao&apos;: AutowiredFieldElement for protected org.apache.ibatis.session.SqlSession com.hiball.web.common.dao.AbstractCommonAPIDao.sqlSession
[2019/06/30 15:18:33.223] &lt;Hiball_Video&gt; DEBUG o.s.b.f.s.DefaultListableBeanFactory - Creating shared instance of singleton bean &apos;sqlSession&apos;
[2019/06/30 15:18:33.223] &lt;Hiball_Video&gt; DEBUG o.s.b.f.s.DefaultListableBeanFactory - Creating instance of bean &apos;sqlSession&apos;
[2019/06/30 15:18:33.224] &lt;Hiball_Video&gt; DEBUG o.s.b.f.s.DefaultListableBeanFactory - Creating shared instance of singleton bean &apos;sqlSessionFactory&apos;
[2019/06/30 15:18:33.224] &lt;Hiball_Video&gt; DEBUG o.s.b.f.s.DefaultListableBeanFactory - Creating instance of bean &apos;sqlSessionFactory&apos;
[2019/06/30 15:18:33.225] &lt;Hiball_Video&gt; DEBUG o.s.b.f.s.DefaultListableBeanFactory - Eagerly caching bean &apos;sqlSessionFactory&apos; to allow for resolving potential circular references
[2019/06/30 15:18:33.228] &lt;Hiball_Video&gt; DEBUG o.s.b.f.s.DefaultListableBeanFactory - Creating shared instance of singleton bean &apos;dataSource&apos;
[2019/06/30 15:18:33.228] &lt;Hiball_Video&gt; DEBUG o.s.b.f.s.DefaultListableBeanFactory - Creating instance of bean &apos;dataSource&apos;
[2019/06/30 15:18:33.241] &lt;Hiball_Video&gt; DEBUG o.s.b.f.s.DefaultListableBeanFactory - Eagerly caching bean &apos;dataSource&apos; to allow for resolving potential circular references
[2019/06/30 15:18:33.247] &lt;Hiball_Video&gt; DEBUG o.s.b.f.s.DefaultListableBeanFactory - Returning cached instance of singleton bean &apos;org.springframework.transaction.config.internalTransactionAdvisor&apos;
[2019/06/30 15:18:33.248] &lt;Hiball_Video&gt; DEBUG o.s.b.f.s.DefaultListableBeanFactory - Finished creating instance of bean &apos;dataSource&apos;
[2019/06/30 15:18:33.249] &lt;Hiball_Video&gt; DEBUG o.s.c.i.s.PathMatchingResourcePatternResolver - Looking for matching resources in directory tree [/Users/bear059/Documents/DevSources/HiBall_Prototype_Video/target/classes/sqlMap]
[2019/06/30 15:18:33.249] &lt;Hiball_Video&gt; DEBUG o.s.c.i.s.PathMatchingResourcePatternResolver - Searching directory [/Users/bear059/Documents/DevSources/HiBall_Prototype_Video/target/classes/sqlMap] for files matching pattern [/Users/bear059/Documents/DevSources/HiBall_Prototype_Video/target/classes/sqlMap/*Mapper.xml]
[2019/06/30 15:18:33.250] &lt;Hiball_Video&gt; DEBUG o.s.c.i.s.PathMatchingResourcePatternResolver - Resolved location pattern [classpath:sqlMap/*Mapper.xml] to resources [file [/Users/bear059/Documents/DevSources/HiBall_Prototype_Video/target/classes/sqlMap/systemConstantsMapper.xml]]
[2019/06/30 15:18:33.251] &lt;Hiball_Video&gt; DEBUG o.s.c.i.s.PathMatchingResourcePatternResolver - Looking for matching resources in directory tree [/Users/bear059/Documents/DevSources/HiBall_Prototype_Video/target/classes/sqlMap/info]
[2019/06/30 15:18:33.251] &lt;Hiball_Video&gt; DEBUG o.s.c.i.s.PathMatchingResourcePatternResolver - Searching directory [/Users/bear059/Documents/DevSources/HiBall_Prototype_Video/target/classes/sqlMap/info] for files matching pattern [/Users/bear059/Documents/DevSources/HiBall_Prototype_Video/target/classes/sqlMap/info/*Mapper.xml]
[2019/06/30 15:18:33.252] &lt;Hiball_Video&gt; DEBUG o.s.c.i.s.PathMatchingResourcePatternResolver - Resolved location pattern [classpath:sqlMap/info/*Mapper.xml] to resources [file [/Users/bear059/Documents/DevSources/HiBall_Prototype_Video/target/classes/sqlMap/info/gameSheduleMapper.xml], file [/Users/bear059/Documents/DevSources/HiBall_Prototype_Video/target/classes/sqlMap/info/codeInfoMapper.xml]]
[2019/06/30 15:18:33.253] &lt;Hiball_Video&gt; DEBUG o.s.b.f.s.DefaultListableBeanFactory - Invoking afterPropertiesSet() on bean with name &apos;sqlSessionFactory&apos;
[2019/06/30 15:18:33.446] &lt;Hiball_Video&gt; DEBUG o.m.spring.SqlSessionFactoryBean - Parsed configuration file: &apos;class path resource [config/mybatis-config-base.xml]&apos;
[2019/06/30 15:18:34.555] &lt;Hiball_Video&gt; DEBUG o.m.spring.SqlSessionFactoryBean - Parsed mapper file: &apos;file [/Users/bear059/Documents/DevSources/HiBall_Prototype_Video/target/classes/sqlMap/systemConstantsMapper.xml]&apos;
[2019/06/30 15:18:34.610] &lt;Hiball_Video&gt; DEBUG o.m.spring.SqlSessionFactoryBean - Parsed mapper file: &apos;file [/Users/bear059/Documents/DevSources/HiBall_Prototype_Video/target/classes/sqlMap/info/gameSheduleMapper.xml]&apos;
[2019/06/30 15:18:34.647] &lt;Hiball_Video&gt; DEBUG o.m.spring.SqlSessionFactoryBean - Parsed mapper file: &apos;file [/Users/bear059/Documents/DevSources/HiBall_Prototype_Video/target/classes/sqlMap/info/codeInfoMapper.xml]&apos;
[2019/06/30 15:18:34.650] &lt;Hiball_Video&gt; DEBUG o.s.b.f.s.DefaultListableBeanFactory - Returning cached instance of singleton bean &apos;org.springframework.transaction.config.internalTransactionAdvisor&apos;
[2019/06/30 15:18:34.651] &lt;Hiball_Video&gt; DEBUG o.s.b.f.s.DefaultListableBeanFactory - Finished creating instance of bean &apos;sqlSessionFactory&apos;
[2019/06/30 15:18:34.651] &lt;Hiball_Video&gt; DEBUG o.s.b.f.s.DefaultListableBeanFactory - Returning cached instance of singleton bean &apos;org.springframework.transaction.config.internalTransactionAdvisor&apos;
[2019/06/30 15:18:34.661] &lt;Hiball_Video&gt; DEBUG o.s.b.f.s.DefaultListableBeanFactory - Eagerly caching bean &apos;sqlSession&apos; to allow for resolving potential circular references
[2019/06/30 15:18:34.688] &lt;Hiball_Video&gt; DEBUG o.s.b.f.s.DefaultListableBeanFactory - Returning cached instance of singleton bean &apos;org.springframework.transaction.config.internalTransactionAdvisor&apos;
[2019/06/30 15:18:34.690] &lt;Hiball_Video&gt; DEBUG o.s.b.f.s.DefaultListableBeanFactory - Finished creating instance of bean &apos;sqlSession&apos;
[2019/06/30 15:18:34.691] &lt;Hiball_Video&gt; DEBUG o.s.b.f.a.AutowiredAnnotationBeanPostProcessor - Autowiring by type from bean name &apos;systemConstantsDao&apos; to bean named &apos;sqlSession&apos;
[2019/06/30 15:18:34.693] &lt;Hiball_Video&gt; DEBUG o.s.b.f.s.DefaultListableBeanFactory - Returning cached instance of singleton bean &apos;org.springframework.transaction.config.internalTransactionAdvisor&apos;
[2019/06/30 15:18:34.694] &lt;Hiball_Video&gt; DEBUG o.s.b.f.s.DefaultListableBeanFactory - Finished creating instance of bean &apos;systemConstantsDao&apos;
[2019/06/30 15:18:34.695] &lt;Hiball_Video&gt; DEBUG o.s.b.f.s.DefaultListableBeanFactory - Creating shared instance of singleton bean &apos;systemConstantsService&apos;
[2019/06/30 15:18:34.695] &lt;Hiball_Video&gt; DEBUG o.s.b.f.s.DefaultListableBeanFactory - Creating instance of bean &apos;systemConstantsService&apos;
[2019/06/30 15:18:34.696] &lt;Hiball_Video&gt; DEBUG o.s.b.f.annotation.InjectionMetadata - Registered injected element on class [com.hiball.web.common.service.impl.SystemConstantsServiceImpl]: AutowiredFieldElement for protected com.hiball.web.common.service.MultiRetrieveService com.hiball.web.common.service.AbstractCommonAPIService.mrs
[2019/06/30 15:18:34.697] &lt;Hiball_Video&gt; DEBUG o.s.b.f.annotation.InjectionMetadata - Registered injected element on class [com.hiball.web.common.service.impl.SystemConstantsServiceImpl]: AutowiredFieldElement for com.hiball.web.common.dao.SystemConstantsDao com.hiball.web.common.service.impl.SystemConstantsServiceImpl.systemConstantsDao
[2019/06/30 15:18:34.697] &lt;Hiball_Video&gt; DEBUG o.s.b.f.s.DefaultListableBeanFactory - Eagerly caching bean &apos;systemConstantsService&apos; to allow for resolving potential circular references
[2019/06/30 15:18:34.703] &lt;Hiball_Video&gt; DEBUG o.s.b.f.annotation.InjectionMetadata - Processing injected method of bean &apos;systemConstantsService&apos;: AutowiredFieldElement for protected com.hiball.web.common.service.MultiRetrieveService com.hiball.web.common.service.AbstractCommonAPIService.mrs
[2019/06/30 15:18:34.703] &lt;Hiball_Video&gt; DEBUG o.s.b.f.s.DefaultListableBeanFactory - Creating shared instance of singleton bean &apos;multiRetrieveService&apos;
[2019/06/30 15:18:34.703] &lt;Hiball_Video&gt; DEBUG o.s.b.f.s.DefaultListableBeanFactory - Creating instance of bean &apos;multiRetrieveService&apos;
[2019/06/30 15:18:34.706] &lt;Hiball_Video&gt; DEBUG o.s.b.f.s.DefaultListableBeanFactory - Eagerly caching bean &apos;multiRetrieveService&apos; to allow for resolving potential circular references
[2019/06/30 15:18:34.709] &lt;Hiball_Video&gt; DEBUG o.s.b.f.s.DefaultListableBeanFactory - Returning cached instance of singleton bean &apos;org.springframework.transaction.config.internalTransactionAdvisor&apos;
[2019/06/30 15:18:34.710] &lt;Hiball_Video&gt; DEBUG o.s.b.f.s.DefaultListableBeanFactory - Finished creating instance of bean &apos;multiRetrieveService&apos;
[2019/06/30 15:18:34.710] &lt;Hiball_Video&gt; DEBUG o.s.b.f.a.AutowiredAnnotationBeanPostProcessor - Autowiring by type from bean name &apos;systemConstantsService&apos; to bean named &apos;multiRetrieveService&apos;
[2019/06/30 15:18:34.710] &lt;Hiball_Video&gt; DEBUG o.s.b.f.annotation.InjectionMetadata - Processing injected method of bean &apos;systemConstantsService&apos;: AutowiredFieldElement for com.hiball.web.common.dao.SystemConstantsDao com.hiball.web.common.service.impl.SystemConstantsServiceImpl.systemConstantsDao
[2019/06/30 15:18:34.711] &lt;Hiball_Video&gt; DEBUG o.s.b.f.s.DefaultListableBeanFactory - Returning cached instance of singleton bean &apos;systemConstantsDao&apos;
[2019/06/30 15:18:34.711] &lt;Hiball_Video&gt; DEBUG o.s.b.f.a.AutowiredAnnotationBeanPostProcessor - Autowiring by type from bean name &apos;systemConstantsService&apos; to bean named &apos;systemConstantsDao&apos;
[2019/06/30 15:18:34.711] &lt;Hiball_Video&gt; DEBUG o.s.b.f.s.DefaultListableBeanFactory - Returning cached instance of singleton bean &apos;org.springframework.transaction.config.internalTransactionAdvisor&apos;
[2019/06/30 15:18:34.712] &lt;Hiball_Video&gt; DEBUG o.s.b.f.s.DefaultListableBeanFactory - Finished creating instance of bean &apos;systemConstantsService&apos;
[2019/06/30 15:18:34.712] &lt;Hiball_Video&gt; DEBUG o.s.b.f.s.DefaultListableBeanFactory - Creating shared instance of singleton bean &apos;apiIntgrationService&apos;
[2019/06/30 15:18:34.712] &lt;Hiball_Video&gt; DEBUG o.s.b.f.s.DefaultListableBeanFactory - Creating instance of bean &apos;apiIntgrationService&apos;
[2019/06/30 15:18:34.715] &lt;Hiball_Video&gt; DEBUG o.s.b.f.annotation.InjectionMetadata - Registered injected element on class [com.hiball.web.common.service.impl.APIIntegrationServiceImpl]: AutowiredFieldElement for org.springframework.context.ApplicationContext com.hiball.web.common.service.impl.APIIntegrationServiceImpl.appCxt
[2019/06/30 15:18:34.715] &lt;Hiball_Video&gt; DEBUG o.s.b.f.annotation.InjectionMetadata - Registered injected element on class [com.hiball.web.common.service.impl.APIIntegrationServiceImpl]: AutowiredFieldElement for javax.servlet.ServletContext com.hiball.web.common.service.impl.APIIntegrationServiceImpl.servletContext
[2019/06/30 15:18:34.716] &lt;Hiball_Video&gt; DEBUG o.s.b.f.s.DefaultListableBeanFactory - Eagerly caching bean &apos;apiIntgrationService&apos; to allow for resolving potential circular references
[2019/06/30 15:18:34.718] &lt;Hiball_Video&gt; DEBUG o.s.b.f.annotation.InjectionMetadata - Processing injected method of bean &apos;apiIntgrationService&apos;: AutowiredFieldElement for org.springframework.context.ApplicationContext com.hiball.web.common.service.impl.APIIntegrationServiceImpl.appCxt
[2019/06/30 15:18:34.718] &lt;Hiball_Video&gt; DEBUG o.s.b.f.a.AutowiredAnnotationBeanPostProcessor - Autowiring by type from bean name &apos;apiIntgrationService&apos; to bean named &apos;org.springframework.context.support.GenericApplicationContext@13c27452&apos;
[2019/06/30 15:18:34.719] &lt;Hiball_Video&gt; DEBUG o.s.b.f.annotation.InjectionMetadata - Processing injected method of bean &apos;apiIntgrationService&apos;: AutowiredFieldElement for javax.servlet.ServletContext com.hiball.web.common.service.impl.APIIntegrationServiceImpl.servletContext
[2019/06/30 15:18:34.720] &lt;Hiball_Video&gt; DEBUG o.s.b.f.s.DefaultListableBeanFactory - Destroying singletons in org.springframework.beans.factory.support.DefaultListableBeanFactory@55183b20: defining beans [mvcContentNegotiationManager,org.springframework.web.servlet.mvc.method.annotation.RequestMappingHandlerMapping#0,org.springframework.format.support.FormattingConversionServiceFactoryBean#0,org.springframework.web.servlet.mvc.method.annotation.RequestMappingHandlerAdapter#0,mvcUriComponentsContributor,org.springframework.web.servlet.handler.MappedInterceptor#0,org.springframework.web.servlet.mvc.method.annotation.ExceptionHandlerExceptionResolver#0,org.springframework.web.servlet.mvc.annotation.ResponseStatusExceptionResolver#0,org.springframework.web.servlet.mvc.support.DefaultHandlerExceptionResolver#0,org.springframework.web.servlet.handler.BeanNameUrlHandlerMapping,org.springframework.web.servlet.mvc.HttpRequestHandlerAdapter,org.springframework.web.servlet.mvc.SimpleControllerHandlerAdapter,systemConstantsDao,systemConstantsService,apiIntgrationService,multiRetrieveService,indexController,callAPIController,codeDao,codeService,gameScheduleDao,gameScheduleService,org.springframework.context.annotation.internalConfigurationAnnotationProcessor,org.springframework.context.annotation.internalAutowiredAnnotationProcessor,org.springframework.context.annotation.internalRequiredAnnotationProcessor,org.springframework.context.annotation.internalCommonAnnotationProcessor,org.springframework.web.servlet.resource.ResourceHttpRequestHandler#0,org.springframework.web.servlet.handler.SimpleUrlHandlerMapping#0,org.springframework.web.servlet.resource.ResourceHttpRequestHandler#1,org.springframework.web.servlet.handler.SimpleUrlHandlerMapping#1,org.springframework.web.servlet.resource.ResourceHttpRequestHandler#2,org.springframework.web.servlet.handler.SimpleUrlHandlerMapping#2,org.springframework.web.servlet.view.ContentNegotiatingViewResolver#0,jsonTypeView,exceptionResolver,org.springframework.web.servlet.handler.MappedInterceptor#1,org.springframework.web.servlet.handler.MappedInterceptor#2,org.mybatis.spring.mapper.MapperScannerConfigurer#0,jdbcProp,dataSource,sqlSessionFactory,sqlSession,transactionManager,org.springframework.aop.config.internalAutoProxyCreator,org.springframework.transaction.annotation.AnnotationTransactionAttributeSource#0,org.springframework.transaction.interceptor.TransactionInterceptor#0,org.springframework.transaction.config.internalTransactionAdvisor,org.springframework.context.annotation.ConfigurationClassPostProcessor.importAwareProcessor,org.springframework.context.annotation.ConfigurationClassPostProcessor.enhancedConfigurationProcessor]; root of factory hierarchy
[2019/06/30 15:18:34.721] &lt;Hiball_Video&gt; DEBUG o.s.b.f.s.DisposableBeanAdapter - Invoking destroy method &apos;clearCache&apos; on bean with name &apos;sqlSession&apos;
[2019/06/30 15:18:34.725] &lt;Hiball_Video&gt; DEBUG org.mybatis.spring.SqlSessionUtils - Creating a new SqlSession
[2019/06/30 15:18:34.746] &lt;Hiball_Video&gt; DEBUG org.mybatis.spring.SqlSessionUtils - SqlSession [org.apache.ibatis.session.defaults.DefaultSqlSession@66ce957f] was not registered for synchronization because synchronization is not active
[2019/06/30 15:18:34.747] &lt;Hiball_Video&gt; DEBUG org.mybatis.spring.SqlSessionUtils - Closing non transactional SqlSession [org.apache.ibatis.session.defaults.DefaultSqlSession@66ce957f]
[2019/06/30 15:18:34.752] &lt;Hiball_Video&gt; DEBUG o.s.b.f.s.DisposableBeanAdapter - Invoking destroy method &apos;close&apos; on bean with name &apos;dataSource&apos;
[2019/06/30 15:18:34.753] &lt;Hiball_Video&gt; DEBUG o.s.b.f.s.DefaultListableBeanFactory - Retrieved dependent beans for bean &apos;(inner bean)#18&apos;: [org.springframework.web.servlet.mvc.method.annotation.ExceptionHandlerExceptionResolver#0]
[2019/06/30 15:18:34.756] &lt;Hiball_Video&gt; DEBUG o.s.b.f.s.DefaultListableBeanFactory - Retrieved dependent beans for bean &apos;(inner bean)#9&apos;: [mvcUriComponentsContributor]
[2019/06/30 15:18:34.756] &lt;Hiball_Video&gt; DEBUG o.s.b.f.s.DefaultListableBeanFactory - Retrieved dependent beans for bean &apos;(inner bean)#10&apos;: [(inner bean)#9]
[2019/06/30 15:18:34.756] &lt;Hiball_Video&gt; DEBUG o.s.b.f.s.DefaultListableBeanFactory - Retrieved dependent beans for bean &apos;(inner bean)#1&apos;: [org.springframework.web.servlet.mvc.method.annotation.RequestMappingHandlerAdapter#0]
[2019/06/30 15:18:34.757] &lt;Hiball_Video&gt; DEBUG o.s.b.f.s.DefaultListableBeanFactory - Retrieved dependent beans for bean &apos;com.hiball.web.common.intercepter.ApiIntercepter#0#1&apos;: [org.springframework.web.servlet.handler.MappedInterceptor#2]
[2019/06/30 15:18:34.757] &lt;Hiball_Video&gt; DEBUG o.s.b.f.s.DefaultListableBeanFactory - Retrieved dependent beans for bean &apos;com.hiball.web.common.intercepter.ApiIntercepter#0&apos;: [org.springframework.web.servlet.handler.MappedInterceptor#1]
[2019/06/30 15:18:34.757] &lt;Hiball_Video&gt; DEBUG o.s.b.f.s.DefaultListableBeanFactory - Retrieved dependent beans for bean &apos;(inner bean)&apos;: [org.springframework.web.servlet.handler.MappedInterceptor#0]
[2019/06/30 15:18:34.769] &lt;Hiball_Video&gt; ERROR o.s.test.context.TestContextManager - Caught exception while allowing TestExecutionListener [org.springframework.test.context.support.DependencyInjectionTestExecutionListener@4a3329b9] to prepare test instance [com.hiball.web.test.CallAPIControllerTest@467aecef]
java.lang.IllegalStateException: Failed to load ApplicationContext
	at org.springframework.test.context.CacheAwareContextLoaderDelegate.loadContext(CacheAwareContextLoaderDelegate.java:99) ~[spring-test-4.0.1.RELEASE.jar:4.0.1.RELEASE]
	at org.springframework.test.context.DefaultTestContext.getApplicationContext(DefaultTestContext.java:101) ~[spring-test-4.0.1.RELEASE.jar:4.0.1.RELEASE]
	at org.springframework.test.context.support.DependencyInjectionTestExecutionListener.injectDependencies(DependencyInjectionTestExecutionListener.java:109) ~[spring-test-4.0.1.RELEASE.jar:4.0.1.RELEASE]
	at org.springframework.test.context.support.DependencyInjectionTestExecutionListener.prepareTestInstance(DependencyInjectionTestExecutionListener.java:75) ~[spring-test-4.0.1.RELEASE.jar:4.0.1.RELEASE]
	at org.springframework.test.context.TestContextManager.prepareTestInstance(TestContextManager.java:319) ~[spring-test-4.0.1.RELEASE.jar:4.0.1.RELEASE]
	at org.springframework.test.context.junit4.SpringJUnit4ClassRunner.createTest(SpringJUnit4ClassRunner.java:212) [spring-test-4.0.1.RELEASE.jar:4.0.1.RELEASE]
	at org.springframework.test.context.junit4.SpringJUnit4ClassRunner$1.runReflectiveCall(SpringJUnit4ClassRunner.java:289) [spring-test-4.0.1.RELEASE.jar:4.0.1.RELEASE]
	at org.junit.internal.runners.model.ReflectiveCallable.run(ReflectiveCallable.java:12) [junit-4.12.jar:4.12]
	at org.springframework.test.context.junit4.SpringJUnit4ClassRunner.methodBlock(SpringJUnit4ClassRunner.java:291) [spring-test-4.0.1.RELEASE.jar:4.0.1.RELEASE]
	at org.springframework.test.context.junit4.SpringJUnit4ClassRunner.runChild(SpringJUnit4ClassRunner.java:232) [spring-test-4.0.1.RELEASE.jar:4.0.1.RELEASE]
	at org.springframework.test.context.junit4.SpringJUnit4ClassRunner.runChild(SpringJUnit4ClassRunner.java:89) [spring-test-4.0.1.RELEASE.jar:4.0.1.RELEASE]
	at org.junit.runners.ParentRunner$3.run(ParentRunner.java:290) [junit-4.12.jar:4.12]
	at org.junit.runners.ParentRunner$1.schedule(ParentRunner.java:71) [junit-4.12.jar:4.12]
	at org.junit.runners.ParentRunner.runChildren(ParentRunner.java:288) [junit-4.12.jar:4.12]
	at org.junit.runners.ParentRunner.access$000(ParentRunner.java:58) [junit-4.12.jar:4.12]
	at org.junit.runners.ParentRunner$2.evaluate(ParentRunner.java:268) [junit-4.12.jar:4.12]
	at org.springframework.test.context.junit4.statements.RunBeforeTestClassCallbacks.evaluate(RunBeforeTestClassCallbacks.java:61) [spring-test-4.0.1.RELEASE.jar:4.0.1.RELEASE]
	at org.springframework.test.context.junit4.statements.RunAfterTestClassCallbacks.evaluate(RunAfterTestClassCallbacks.java:71) [spring-test-4.0.1.RELEASE.jar:4.0.1.RELEASE]
	at org.junit.runners.ParentRunner.run(ParentRunner.java:363) [junit-4.12.jar:4.12]
	at org.springframework.test.context.junit4.SpringJUnit4ClassRunner.run(SpringJUnit4ClassRunner.java:175) [spring-test-4.0.1.RELEASE.jar:4.0.1.RELEASE]
	at org.apache.maven.surefire.junit4.JUnit4Provider.execute(JUnit4Provider.java:252) [surefire-junit4-2.12.4.jar:2.12.4]
	at org.apache.maven.surefire.junit4.JUnit4Provider.executeTestSet(JUnit4Provider.java:141) [surefire-junit4-2.12.4.jar:2.12.4]
	at org.apache.maven.surefire.junit4.JUnit4Provider.invoke(JUnit4Provider.java:112) [surefire-junit4-2.12.4.jar:2.12.4]
	at sun.reflect.NativeMethodAccessorImpl.invoke0(Native Method) ~[na:1.8.0_201]
	at sun.reflect.NativeMethodAccessorImpl.invoke(NativeMethodAccessorImpl.java:62) ~[na:1.8.0_201]
	at sun.reflect.DelegatingMethodAccessorImpl.invoke(DelegatingMethodAccessorImpl.java:43) ~[na:1.8.0_201]
	at java.lang.reflect.Method.invoke(Method.java:498) ~[na:1.8.0_201]
	at org.apache.maven.surefire.util.ReflectionUtils.invokeMethodWithArray(ReflectionUtils.java:189) [surefire-api-2.12.4.jar:2.12.4]
	at org.apache.maven.surefire.booter.ProviderFactory$ProviderProxy.invoke(ProviderFactory.java:165) [surefire-booter-2.12.4.jar:2.12.4]
	at org.apache.maven.surefire.booter.ProviderFactory.invokeProvider(ProviderFactory.java:85) [surefire-booter-2.12.4.jar:2.12.4]
	at org.apache.maven.surefire.booter.ForkedBooter.runSuitesInProcess(ForkedBooter.java:115) [surefire-booter-2.12.4.jar:2.12.4]
	at org.apache.maven.surefire.booter.ForkedBooter.main(ForkedBooter.java:75) [surefire-booter-2.12.4.jar:2.12.4]
Caused by: org.springframework.beans.factory.BeanCreationException: Error creating bean with name &apos;apiIntgrationService&apos;: Injection of autowired dependencies failed; nested exception is org.springframework.beans.factory.BeanCreationException: Could not autowire field: javax.servlet.ServletContext com.hiball.web.common.service.impl.APIIntegrationServiceImpl.servletContext; nested exception is org.springframework.beans.factory.NoSuchBeanDefinitionException: No qualifying bean of type [javax.servlet.ServletContext] found for dependency: expected at least 1 bean which qualifies as autowire candidate for this dependency. Dependency annotations: {@org.springframework.beans.factory.annotation.Autowired(required=true)}
	at org.springframework.beans.factory.annotation.AutowiredAnnotationBeanPostProcessor.postProcessPropertyValues(AutowiredAnnotationBeanPostProcessor.java:292) ~[spring-beans-4.0.1.RELEASE.jar:4.0.1.RELEASE]
	at org.springframework.beans.factory.support.AbstractAutowireCapableBeanFactory.populateBean(AbstractAutowireCapableBeanFactory.java:1185) ~[spring-beans-4.0.1.RELEASE.jar:4.0.1.RELEASE]
	at org.springframework.beans.factory.support.AbstractAutowireCapableBeanFactory.doCreateBean(AbstractAutowireCapableBeanFactory.java:537) ~[spring-beans-4.0.1.RELEASE.jar:4.0.1.RELEASE]
	at org.springframework.beans.factory.support.AbstractAutowireCapableBeanFactory.createBean(AbstractAutowireCapableBeanFactory.java:475) ~[spring-beans-4.0.1.RELEASE.jar:4.0.1.RELEASE]
	at org.springframework.beans.factory.support.AbstractBeanFactory$1.getObject(AbstractBeanFactory.java:304) ~[spring-beans-4.0.1.RELEASE.jar:4.0.1.RELEASE]
	at org.springframework.beans.factory.support.DefaultSingletonBeanRegistry.getSingleton(DefaultSingletonBeanRegistry.java:228) ~[spring-beans-4.0.1.RELEASE.jar:4.0.1.RELEASE]
	at org.springframework.beans.factory.support.AbstractBeanFactory.doGetBean(AbstractBeanFactory.java:300) ~[spring-beans-4.0.1.RELEASE.jar:4.0.1.RELEASE]
	at org.springframework.beans.factory.support.AbstractBeanFactory.getBean(AbstractBeanFactory.java:195) ~[spring-beans-4.0.1.RELEASE.jar:4.0.1.RELEASE]
	at org.springframework.beans.factory.support.DefaultListableBeanFactory.preInstantiateSingletons(DefaultListableBeanFactory.java:700) ~[spring-beans-4.0.1.RELEASE.jar:4.0.1.RELEASE]
	at org.springframework.context.support.AbstractApplicationContext.finishBeanFactoryInitialization(AbstractApplicationContext.java:760) ~[spring-context-4.0.1.RELEASE.jar:4.0.1.RELEASE]
	at org.springframework.context.support.AbstractApplicationContext.refresh(AbstractApplicationContext.java:482) ~[spring-context-4.0.1.RELEASE.jar:4.0.1.RELEASE]
	at org.springframework.test.context.support.AbstractGenericContextLoader.loadContext(AbstractGenericContextLoader.java:121) ~[spring-test-4.0.1.RELEASE.jar:4.0.1.RELEASE]
	at org.springframework.test.context.support.AbstractGenericContextLoader.loadContext(AbstractGenericContextLoader.java:60) ~[spring-test-4.0.1.RELEASE.jar:4.0.1.RELEASE]
	at org.springframework.test.context.support.AbstractDelegatingSmartContextLoader.delegateLoading(AbstractDelegatingSmartContextLoader.java:100) ~[spring-test-4.0.1.RELEASE.jar:4.0.1.RELEASE]
	at org.springframework.test.context.support.AbstractDelegatingSmartContextLoader.loadContext(AbstractDelegatingSmartContextLoader.java:250) ~[spring-test-4.0.1.RELEASE.jar:4.0.1.RELEASE]
	at org.springframework.test.context.CacheAwareContextLoaderDelegate.loadContextInternal(CacheAwareContextLoaderDelegate.java:64) ~[spring-test-4.0.1.RELEASE.jar:4.0.1.RELEASE]
	at org.springframework.test.context.CacheAwareContextLoaderDelegate.loadContext(CacheAwareContextLoaderDelegate.java:91) ~[spring-test-4.0.1.RELEASE.jar:4.0.1.RELEASE]
	... 31 common frames omitted
Caused by: org.springframework.beans.factory.BeanCreationException: Could not autowire field: javax.servlet.ServletContext com.hiball.web.common.service.impl.APIIntegrationServiceImpl.servletContext; nested exception is org.springframework.beans.factory.NoSuchBeanDefinitionException: No qualifying bean of type [javax.servlet.ServletContext] found for dependency: expected at least 1 bean which qualifies as autowire candidate for this dependency. Dependency annotations: {@org.springframework.beans.factory.annotation.Autowired(required=true)}
	at org.springframework.beans.factory.annotation.AutowiredAnnotationBeanPostProcessor$AutowiredFieldElement.inject(AutowiredAnnotationBeanPostProcessor.java:508) ~[spring-beans-4.0.1.RELEASE.jar:4.0.1.RELEASE]
	at org.springframework.beans.factory.annotation.InjectionMetadata.inject(InjectionMetadata.java:87) ~[spring-beans-4.0.1.RELEASE.jar:4.0.1.RELEASE]
	at org.springframework.beans.factory.annotation.AutowiredAnnotationBeanPostProcessor.postProcessPropertyValues(AutowiredAnnotationBeanPostProcessor.java:289) ~[spring-beans-4.0.1.RELEASE.jar:4.0.1.RELEASE]
	... 47 common frames omitted
Caused by: org.springframework.beans.factory.NoSuchBeanDefinitionException: No qualifying bean of type [javax.servlet.ServletContext] found for dependency: expected at least 1 bean which qualifies as autowire candidate for this dependency. Dependency annotations: {@org.springframework.beans.factory.annotation.Autowired(required=true)}
	at org.springframework.beans.factory.support.DefaultListableBeanFactory.raiseNoSuchBeanDefinitionException(DefaultListableBeanFactory.java:1100) ~[spring-beans-4.0.1.RELEASE.jar:4.0.1.RELEASE]
	at org.springframework.beans.factory.support.DefaultListableBeanFactory.doResolveDependency(DefaultListableBeanFactory.java:960) ~[spring-beans-4.0.1.RELEASE.jar:4.0.1.RELEASE]
	at org.springframework.beans.factory.support.DefaultListableBeanFactory.resolveDependency(DefaultListableBeanFactory.java:855) ~[spring-beans-4.0.1.RELEASE.jar:4.0.1.RELEASE]
	at org.springframework.beans.factory.annotation.AutowiredAnnotationBeanPostProcessor$AutowiredFieldElement.inject(AutowiredAnnotationBeanPostProcessor.java:480) ~[spring-beans-4.0.1.RELEASE.jar:4.0.1.RELEASE]
	... 49 common frames omitted
</system-out>
  </testcase>
</testsuite>